{
  "D:/dev/sneaker-ecommerce-site/client/src/components/Header/Header.tsx": {
    "path": "D:/dev/sneaker-ecommerce-site/client/src/components/Header/Header.tsx",
    "statementMap": {
      "0": {
        "start": {
          "line": 3,
          "column": 20
        },
        "end": {
          "line": 3,
          "column": 97
        }
      },
      "1": {
        "start": {
          "line": 6,
          "column": 0
        },
        "end": {
          "line": 16,
          "column": 1
        }
      },
      "2": {
        "start": {
          "line": 7,
          "column": 2
        },
        "end": {
          "line": 9,
          "column": 3
        }
      },
      "3": {
        "start": {
          "line": 8,
          "column": 4
        },
        "end": {
          "line": 8,
          "column": 165
        }
      },
      "4": {
        "start": {
          "line": 10,
          "column": 2
        },
        "end": {
          "line": 10,
          "column": 39
        }
      },
      "5": {
        "start": {
          "line": 11,
          "column": 2
        },
        "end": {
          "line": 11,
          "column": 39
        }
      },
      "6": {
        "start": {
          "line": 12,
          "column": 2
        },
        "end": {
          "line": 14,
          "column": 4
        }
      },
      "7": {
        "start": {
          "line": 13,
          "column": 4
        },
        "end": {
          "line": 13,
          "column": 113
        }
      },
      "8": {
        "start": {
          "line": 15,
          "column": 2
        },
        "end": {
          "line": 15,
          "column": 75
        }
      },
      "9": {
        "start": {
          "line": 17,
          "column": 9
        },
        "end": {
          "line": 17,
          "column": 23
        }
      },
      "10": {
        "start": {
          "line": 24,
          "column": 18
        },
        "end": {
          "line": 30,
          "column": 1
        }
      },
      "11": {
        "start": {
          "line": 31,
          "column": 0
        },
        "end": {
          "line": 31,
          "column": 15
        }
      },
      "12": {
        "start": {
          "line": 32,
          "column": 22
        },
        "end": {
          "line": 46,
          "column": 1
        }
      },
      "13": {
        "start": {
          "line": 47,
          "column": 0
        },
        "end": {
          "line": 47,
          "column": 20
        }
      },
      "14": {
        "start": {
          "line": 48,
          "column": 23
        },
        "end": {
          "line": 57,
          "column": 1
        }
      },
      "15": {
        "start": {
          "line": 58,
          "column": 0
        },
        "end": {
          "line": 58,
          "column": 21
        }
      },
      "16": {
        "start": {
          "line": 59,
          "column": 18
        },
        "end": {
          "line": 61,
          "column": 1
        }
      },
      "17": {
        "start": {
          "line": 62,
          "column": 0
        },
        "end": {
          "line": 62,
          "column": 16
        }
      },
      "18": {
        "start": {
          "line": 63,
          "column": 13
        },
        "end": {
          "line": 75,
          "column": 1
        }
      },
      "19": {
        "start": {
          "line": 76,
          "column": 0
        },
        "end": {
          "line": 76,
          "column": 11
        }
      },
      "20": {
        "start": {
          "line": 77,
          "column": 13
        },
        "end": {
          "line": 84,
          "column": 1
        }
      },
      "21": {
        "start": {
          "line": 85,
          "column": 0
        },
        "end": {
          "line": 85,
          "column": 11
        }
      },
      "22": {
        "start": {
          "line": 86,
          "column": 18
        },
        "end": {
          "line": 127,
          "column": 1
        }
      },
      "23": {
        "start": {
          "line": 128,
          "column": 22
        },
        "end": {
          "line": 131,
          "column": 1
        }
      },
      "24": {
        "start": {
          "line": 132,
          "column": 0
        },
        "end": {
          "line": 132,
          "column": 20
        }
      },
      "25": {
        "start": {
          "line": 133,
          "column": 20
        },
        "end": {
          "line": 135,
          "column": 1
        }
      },
      "26": {
        "start": {
          "line": 136,
          "column": 0
        },
        "end": {
          "line": 136,
          "column": 18
        }
      },
      "27": {
        "start": {
          "line": 137,
          "column": 18
        },
        "end": {
          "line": 144,
          "column": 1
        }
      },
      "28": {
        "start": {
          "line": 145,
          "column": 0
        },
        "end": {
          "line": 145,
          "column": 16
        }
      },
      "29": {
        "start": {
          "line": 146,
          "column": 18
        },
        "end": {
          "line": 148,
          "column": 1
        }
      },
      "30": {
        "start": {
          "line": 149,
          "column": 0
        },
        "end": {
          "line": 149,
          "column": 17
        }
      },
      "31": {
        "start": {
          "line": 150,
          "column": 21
        },
        "end": {
          "line": 152,
          "column": 1
        }
      },
      "32": {
        "start": {
          "line": 153,
          "column": 0
        },
        "end": {
          "line": 153,
          "column": 20
        }
      },
      "33": {
        "start": {
          "line": 154,
          "column": 20
        },
        "end": {
          "line": 172,
          "column": 1
        }
      },
      "34": {
        "start": {
          "line": 173,
          "column": 0
        },
        "end": {
          "line": 173,
          "column": 19
        }
      },
      "35": {
        "start": {
          "line": 174,
          "column": 19
        },
        "end": {
          "line": 179,
          "column": 1
        }
      },
      "36": {
        "start": {
          "line": 180,
          "column": 0
        },
        "end": {
          "line": 180,
          "column": 18
        }
      },
      "37": {
        "start": {
          "line": 181,
          "column": 22
        },
        "end": {
          "line": 262,
          "column": 1
        }
      },
      "38": {
        "start": {
          "line": 184,
          "column": 2
        },
        "end": {
          "line": 184,
          "column": 7
        }
      },
      "39": {
        "start": {
          "line": 185,
          "column": 42
        },
        "end": {
          "line": 185,
          "column": 57
        }
      },
      "40": {
        "start": {
          "line": 186,
          "column": 40
        },
        "end": {
          "line": 186,
          "column": 52
        }
      },
      "41": {
        "start": {
          "line": 187,
          "column": 19
        },
        "end": {
          "line": 187,
          "column": 32
        }
      },
      "42": {
        "start": {
          "line": 189,
          "column": 4
        },
        "end": {
          "line": 189,
          "column": 23
        }
      },
      "43": {
        "start": {
          "line": 190,
          "column": 4
        },
        "end": {
          "line": 190,
          "column": 61
        }
      },
      "44": {
        "start": {
          "line": 193,
          "column": 4
        },
        "end": {
          "line": 193,
          "column": 39
        }
      },
      "45": {
        "start": {
          "line": 195,
          "column": 2
        },
        "end": {
          "line": 261,
          "column": 11
        }
      },
      "46": {
        "start": {
          "line": 202,
          "column": 87
        },
        "end": {
          "line": 202,
          "column": 119
        }
      },
      "47": {
        "start": {
          "line": 202,
          "column": 113
        },
        "end": {
          "line": 202,
          "column": 118
        }
      },
      "48": {
        "start": {
          "line": 220,
          "column": 57
        },
        "end": {
          "line": 220,
          "column": 78
        }
      },
      "49": {
        "start": {
          "line": 225,
          "column": 57
        },
        "end": {
          "line": 225,
          "column": 74
        }
      },
      "50": {
        "start": {
          "line": 230,
          "column": 60
        },
        "end": {
          "line": 230,
          "column": 80
        }
      },
      "51": {
        "start": {
          "line": 242,
          "column": 24
        },
        "end": {
          "line": 242,
          "column": 41
        }
      },
      "52": {
        "start": {
          "line": 243,
          "column": 6
        },
        "end": {
          "line": 243,
          "column": 31
        }
      },
      "53": {
        "start": {
          "line": 263,
          "column": 0
        },
        "end": {
          "line": 265,
          "column": 3
        }
      },
      "54": {
        "start": {
          "line": 264,
          "column": 2
        },
        "end": {
          "line": 264,
          "column": 23
        }
      },
      "55": {
        "start": {
          "line": 266,
          "column": 0
        },
        "end": {
          "line": 266,
          "column": 14
        }
      },
      "56": {
        "start": {
          "line": 268,
          "column": 0
        },
        "end": {
          "line": 268,
          "column": 30
        }
      },
      "57": {
        "start": {
          "line": 269,
          "column": 0
        },
        "end": {
          "line": 269,
          "column": 35
        }
      },
      "58": {
        "start": {
          "line": 270,
          "column": 0
        },
        "end": {
          "line": 270,
          "column": 36
        }
      },
      "59": {
        "start": {
          "line": 271,
          "column": 0
        },
        "end": {
          "line": 271,
          "column": 31
        }
      },
      "60": {
        "start": {
          "line": 272,
          "column": 0
        },
        "end": {
          "line": 272,
          "column": 26
        }
      },
      "61": {
        "start": {
          "line": 273,
          "column": 0
        },
        "end": {
          "line": 273,
          "column": 26
        }
      },
      "62": {
        "start": {
          "line": 274,
          "column": 0
        },
        "end": {
          "line": 274,
          "column": 35
        }
      },
      "63": {
        "start": {
          "line": 275,
          "column": 0
        },
        "end": {
          "line": 275,
          "column": 33
        }
      },
      "64": {
        "start": {
          "line": 276,
          "column": 0
        },
        "end": {
          "line": 276,
          "column": 31
        }
      },
      "65": {
        "start": {
          "line": 277,
          "column": 0
        },
        "end": {
          "line": 277,
          "column": 32
        }
      },
      "66": {
        "start": {
          "line": 278,
          "column": 0
        },
        "end": {
          "line": 278,
          "column": 35
        }
      },
      "67": {
        "start": {
          "line": 279,
          "column": 0
        },
        "end": {
          "line": 279,
          "column": 34
        }
      },
      "68": {
        "start": {
          "line": 280,
          "column": 0
        },
        "end": {
          "line": 280,
          "column": 33
        }
      },
      "69": {
        "start": {
          "line": 281,
          "column": 0
        },
        "end": {
          "line": 281,
          "column": 29
        }
      },
      "70": {
        "start": {
          "line": 282,
          "column": 0
        },
        "end": {
          "line": 295,
          "column": 1
        }
      },
      "71": {
        "start": {
          "line": 283,
          "column": 2
        },
        "end": {
          "line": 283,
          "column": 39
        }
      },
      "72": {
        "start": {
          "line": 284,
          "column": 2
        },
        "end": {
          "line": 284,
          "column": 39
        }
      },
      "73": {
        "start": {
          "line": 285,
          "column": 2
        },
        "end": {
          "line": 294,
          "column": 5
        }
      },
      "74": {
        "start": {
          "line": 286,
          "column": 4
        },
        "end": {
          "line": 286,
          "column": 139
        }
      },
      "75": {
        "start": {
          "line": 287,
          "column": 4
        },
        "end": {
          "line": 293,
          "column": 7
        }
      },
      "76": {
        "start": {
          "line": 288,
          "column": 6
        },
        "end": {
          "line": 289,
          "column": 15
        }
      },
      "77": {
        "start": {
          "line": 289,
          "column": 8
        },
        "end": {
          "line": 289,
          "column": 15
        }
      },
      "78": {
        "start": {
          "line": 290,
          "column": 32
        },
        "end": {
          "line": 290,
          "column": 115
        }
      },
      "79": {
        "start": {
          "line": 291,
          "column": 6
        },
        "end": {
          "line": 292,
          "column": 54
        }
      },
      "80": {
        "start": {
          "line": 292,
          "column": 8
        },
        "end": {
          "line": 292,
          "column": 54
        }
      }
    },
    "fnMap": {
      "0": {
        "name": "(anonymous_0)",
        "decl": {
          "start": {
            "line": 12,
            "column": 24
          },
          "end": {
            "line": 12,
            "column": 25
          }
        },
        "loc": {
          "start": {
            "line": 12,
            "column": 38
          },
          "end": {
            "line": 14,
            "column": 3
          }
        },
        "line": 12
      },
      "1": {
        "name": "(anonymous_1)",
        "decl": {
          "start": {
            "line": 181,
            "column": 22
          },
          "end": {
            "line": 181,
            "column": 23
          }
        },
        "loc": {
          "start": {
            "line": 183,
            "column": 6
          },
          "end": {
            "line": 262,
            "column": 1
          }
        },
        "line": 183
      },
      "2": {
        "name": "handleOnSubmit",
        "decl": {
          "start": {
            "line": 188,
            "column": 11
          },
          "end": {
            "line": 188,
            "column": 25
          }
        },
        "loc": {
          "start": {
            "line": 188,
            "column": 29
          },
          "end": {
            "line": 191,
            "column": 3
          }
        },
        "line": 188
      },
      "3": {
        "name": "handleInputChange",
        "decl": {
          "start": {
            "line": 192,
            "column": 11
          },
          "end": {
            "line": 192,
            "column": 28
          }
        },
        "loc": {
          "start": {
            "line": 192,
            "column": 36
          },
          "end": {
            "line": 194,
            "column": 3
          }
        },
        "line": 192
      },
      "4": {
        "name": "(anonymous_4)",
        "decl": {
          "start": {
            "line": 202,
            "column": 81
          },
          "end": {
            "line": 202,
            "column": 82
          }
        },
        "loc": {
          "start": {
            "line": 202,
            "column": 87
          },
          "end": {
            "line": 202,
            "column": 119
          }
        },
        "line": 202
      },
      "5": {
        "name": "(anonymous_5)",
        "decl": {
          "start": {
            "line": 202,
            "column": 103
          },
          "end": {
            "line": 202,
            "column": 104
          }
        },
        "loc": {
          "start": {
            "line": 202,
            "column": 113
          },
          "end": {
            "line": 202,
            "column": 118
          }
        },
        "line": 202
      },
      "6": {
        "name": "(anonymous_6)",
        "decl": {
          "start": {
            "line": 220,
            "column": 51
          },
          "end": {
            "line": 220,
            "column": 52
          }
        },
        "loc": {
          "start": {
            "line": 220,
            "column": 57
          },
          "end": {
            "line": 220,
            "column": 78
          }
        },
        "line": 220
      },
      "7": {
        "name": "(anonymous_7)",
        "decl": {
          "start": {
            "line": 225,
            "column": 51
          },
          "end": {
            "line": 225,
            "column": 52
          }
        },
        "loc": {
          "start": {
            "line": 225,
            "column": 57
          },
          "end": {
            "line": 225,
            "column": 74
          }
        },
        "line": 225
      },
      "8": {
        "name": "(anonymous_8)",
        "decl": {
          "start": {
            "line": 230,
            "column": 54
          },
          "end": {
            "line": 230,
            "column": 55
          }
        },
        "loc": {
          "start": {
            "line": 230,
            "column": 60
          },
          "end": {
            "line": 230,
            "column": 80
          }
        },
        "line": 230
      },
      "9": {
        "name": "(anonymous_9)",
        "decl": {
          "start": {
            "line": 242,
            "column": 17
          },
          "end": {
            "line": 242,
            "column": 18
          }
        },
        "loc": {
          "start": {
            "line": 242,
            "column": 24
          },
          "end": {
            "line": 242,
            "column": 41
          }
        },
        "line": 242
      },
      "10": {
        "name": "(anonymous_10)",
        "decl": {
          "start": {
            "line": 242,
            "column": 170
          },
          "end": {
            "line": 242,
            "column": 171
          }
        },
        "loc": {
          "start": {
            "line": 242,
            "column": 181
          },
          "end": {
            "line": 244,
            "column": 5
          }
        },
        "line": 242
      },
      "11": {
        "name": "(anonymous_11)",
        "decl": {
          "start": {
            "line": 263,
            "column": 50
          },
          "end": {
            "line": 263,
            "column": 51
          }
        },
        "loc": {
          "start": {
            "line": 263,
            "column": 61
          },
          "end": {
            "line": 265,
            "column": 1
          }
        },
        "line": 263
      },
      "12": {
        "name": "(anonymous_12)",
        "decl": {
          "start": {
            "line": 285,
            "column": 52
          },
          "end": {
            "line": 285,
            "column": 53
          }
        },
        "loc": {
          "start": {
            "line": 285,
            "column": 72
          },
          "end": {
            "line": 294,
            "column": 3
          }
        },
        "line": 285
      },
      "13": {
        "name": "(anonymous_13)",
        "decl": {
          "start": {
            "line": 287,
            "column": 27
          },
          "end": {
            "line": 287,
            "column": 28
          }
        },
        "loc": {
          "start": {
            "line": 287,
            "column": 44
          },
          "end": {
            "line": 293,
            "column": 5
          }
        },
        "line": 287
      }
    },
    "branchMap": {
      "0": {
        "loc": {
          "start": {
            "line": 3,
            "column": 20
          },
          "end": {
            "line": 3,
            "column": 97
          }
        },
        "type": "binary-expr",
        "locations": [
          {
            "start": {
              "line": 3,
              "column": 20
            },
            "end": {
              "line": 3,
              "column": 60
            }
          },
          {
            "start": {
              "line": 3,
              "column": 64
            },
            "end": {
              "line": 3,
              "column": 97
            }
          }
        ],
        "line": 3
      },
      "1": {
        "loc": {
          "start": {
            "line": 6,
            "column": 0
          },
          "end": {
            "line": 16,
            "column": 1
          }
        },
        "type": "if",
        "locations": [
          {
            "start": {
              "line": 6,
              "column": 0
            },
            "end": {
              "line": 16,
              "column": 1
            }
          },
          {
            "start": {},
            "end": {}
          }
        ],
        "line": 6
      },
      "2": {
        "loc": {
          "start": {
            "line": 6,
            "column": 4
          },
          "end": {
            "line": 6,
            "column": 35
          }
        },
        "type": "binary-expr",
        "locations": [
          {
            "start": {
              "line": 6,
              "column": 4
            },
            "end": {
              "line": 6,
              "column": 19
            }
          },
          {
            "start": {
              "line": 6,
              "column": 23
            },
            "end": {
              "line": 6,
              "column": 35
            }
          }
        ],
        "line": 6
      },
      "3": {
        "loc": {
          "start": {
            "line": 7,
            "column": 2
          },
          "end": {
            "line": 9,
            "column": 3
          }
        },
        "type": "if",
        "locations": [
          {
            "start": {
              "line": 7,
              "column": 2
            },
            "end": {
              "line": 9,
              "column": 3
            }
          },
          {
            "start": {},
            "end": {}
          }
        ],
        "line": 7
      },
      "4": {
        "loc": {
          "start": {
            "line": 241,
            "column": 18
          },
          "end": {
            "line": 241,
            "column": 49
          }
        },
        "type": "cond-expr",
        "locations": [
          {
            "start": {
              "line": 241,
              "column": 33
            },
            "end": {
              "line": 241,
              "column": 40
            }
          },
          {
            "start": {
              "line": 241,
              "column": 43
            },
            "end": {
              "line": 241,
              "column": 49
            }
          }
        ],
        "line": 241
      },
      "5": {
        "loc": {
          "start": {
            "line": 282,
            "column": 0
          },
          "end": {
            "line": 295,
            "column": 1
          }
        },
        "type": "if",
        "locations": [
          {
            "start": {
              "line": 282,
              "column": 0
            },
            "end": {
              "line": 295,
              "column": 1
            }
          },
          {
            "start": {},
            "end": {}
          }
        ],
        "line": 282
      },
      "6": {
        "loc": {
          "start": {
            "line": 282,
            "column": 4
          },
          "end": {
            "line": 282,
            "column": 35
          }
        },
        "type": "binary-expr",
        "locations": [
          {
            "start": {
              "line": 282,
              "column": 4
            },
            "end": {
              "line": 282,
              "column": 19
            }
          },
          {
            "start": {
              "line": 282,
              "column": 23
            },
            "end": {
              "line": 282,
              "column": 35
            }
          }
        ],
        "line": 282
      },
      "7": {
        "loc": {
          "start": {
            "line": 288,
            "column": 6
          },
          "end": {
            "line": 289,
            "column": 15
          }
        },
        "type": "if",
        "locations": [
          {
            "start": {
              "line": 288,
              "column": 6
            },
            "end": {
              "line": 289,
              "column": 15
            }
          },
          {
            "start": {},
            "end": {}
          }
        ],
        "line": 288
      },
      "8": {
        "loc": {
          "start": {
            "line": 291,
            "column": 6
          },
          "end": {
            "line": 292,
            "column": 54
          }
        },
        "type": "if",
        "locations": [
          {
            "start": {
              "line": 291,
              "column": 6
            },
            "end": {
              "line": 292,
              "column": 54
            }
          },
          {
            "start": {},
            "end": {}
          }
        ],
        "line": 291
      }
    },
    "s": {
      "0": 3,
      "1": 3,
      "2": 3,
      "3": 0,
      "4": 3,
      "5": 3,
      "6": 3,
      "7": 42,
      "8": 3,
      "9": 3,
      "10": 3,
      "11": 3,
      "12": 3,
      "13": 3,
      "14": 3,
      "15": 3,
      "16": 3,
      "17": 3,
      "18": 3,
      "19": 3,
      "20": 3,
      "21": 3,
      "22": 3,
      "23": 3,
      "24": 3,
      "25": 3,
      "26": 3,
      "27": 3,
      "28": 3,
      "29": 3,
      "30": 3,
      "31": 3,
      "32": 3,
      "33": 3,
      "34": 3,
      "35": 3,
      "36": 3,
      "37": 3,
      "38": 0,
      "39": 0,
      "40": 0,
      "41": 0,
      "42": 0,
      "43": 0,
      "44": 0,
      "45": 0,
      "46": 0,
      "47": 0,
      "48": 0,
      "49": 0,
      "50": 0,
      "51": 0,
      "52": 0,
      "53": 3,
      "54": 0,
      "55": 3,
      "56": 3,
      "57": 3,
      "58": 3,
      "59": 3,
      "60": 3,
      "61": 3,
      "62": 3,
      "63": 3,
      "64": 3,
      "65": 3,
      "66": 3,
      "67": 3,
      "68": 3,
      "69": 3,
      "70": 3,
      "71": 3,
      "72": 3,
      "73": 3,
      "74": 3,
      "75": 3,
      "76": 0,
      "77": 0,
      "78": 0,
      "79": 0,
      "80": 0
    },
    "f": {
      "0": 42,
      "1": 0,
      "2": 0,
      "3": 0,
      "4": 0,
      "5": 0,
      "6": 0,
      "7": 0,
      "8": 0,
      "9": 0,
      "10": 0,
      "11": 0,
      "12": 3,
      "13": 0
    },
    "b": {
      "0": [
        3,
        0
      ],
      "1": [
        3,
        0
      ],
      "2": [
        3,
        3
      ],
      "3": [
        0,
        3
      ],
      "4": [
        0,
        0
      ],
      "5": [
        3,
        0
      ],
      "6": [
        3,
        3
      ],
      "7": [
        0,
        0
      ],
      "8": [
        0,
        0
      ]
    },
    "inputSourceMap": {
      "version": 3,
      "mappings": "AA+LU;;;;;;;;;;;;;;;;;AA/LV,OAAOA,YAAY;AACnB,SAASC,gBAAgB;AAGzB,OAAOC,UAAU;AACjB,OAAOC,mBAAmB;AAC1B,SAASC,SAASC,mBAAmB;AACrC,OAAOC,gBAAgB;AAEvB,MAAMC,YAAYP,OAAOQ;AAAAA,0BACCF,UAAW;AAAA;AAAA;AAAA;AAAA;AAAA;AAKpCG,KANKF;AAQN,MAAMG,gBAAgBV,OAAOQ;AAAAA;AAAAA;AAAAA;AAAAA;AAAAA;AAAAA;AAAAA;AAAAA;AAAAA;AAAAA;AAAAA;AAAAA;AAAAA;AAAAA;AAc5BG,MAdKD;AAgBN,MAAME,iBAAiBZ,OAAOQ;AAAAA;AAAAA;AAAAA;AAAAA;AAAAA;AAAAA;AAAAA;AAAAA;AAAAA;AAS7BK,MATKD;AAWN,MAAME,YAAYd,OAAOe;AAAAA;AAAAA;AAExBC,MAFKF;AAIN,MAAMG,OAAOjB,OAAOkB;AAAAA;AAAAA;AAAAA;AAAAA;AAAAA;AAAAA;AAAAA;AAAAA;AAAAA;AAAAA;AAAAA;AAAAA;AAYnBC,MAZKF;AAcN,MAAMG,OAAOpB,OAAOkB;AAAAA;AAAAA;AAAAA;AAAAA;AAAAA;AAAAA;AAAAA;AAOnBG,MAPKD;AASN,MAAME,YAAYtB,OAAOuB;AAAAA;AAAAA;AAAAA;AAAAA;AAAAA;AAAAA;AAAAA;AAAAA;AAAAA;AAAAA;AAAAA;AAAAA;AAAAA;AAAAA;AAAAA;AAAAA;AAAAA;AAAAA;AAAAA;AAAAA;AAAAA;AAAAA;AAAAA;AAAAA;AAAAA;AAAAA;AAAAA;AAAAA;AAAAA;AAAAA;AAAAA;AAAAA;AAAAA;AAAAA;AAAAA;AAAAA;AAAAA;AAAAA;AAAAA;AAAAA;AAAAA;AA2CzB,MAAMC,gBAAgBxB,OAAOI,OAAO;AAAA;AAAA;AAAA;AAGnCqB,MAHKD;AAKN,MAAME,cAAc1B,OAAOsB,SAAS;AAAA;AAAA;AAEnCK,MAFKD;AAIN,MAAME,YAAY5B,OAAOsB,SAAS;AAAA;AAAA;AAAA;AAAA;AAAA;AAAA;AAAA;AAOjCO,MAPKD;AASN,MAAME,YAAY9B,OAAOsB,SAAS;AAAA;AAAA;AAEjCS,OAFKD;AAIN,MAAME,eAAehC,OAAOsB,SAAS;AAAA;AAAA;AAEpCW,OAFKD;AAIN,MAAME,cAAclC,OAAOmC;AAAAA;AAAAA;AAAAA;AAAAA;AAAAA;AAAAA;AAAAA;AAAAA;AAAAA;AAAAA;AAAAA;AAAAA;AAAAA;AAAAA;AAAAA;AAAAA;AAAAA;AAAAA;AAkB1BC,OAlBKF;AAoBN,MAAMG,aAAarC,OAAOsC;AAAAA;AAAAA;AAAAA;AAAAA;AAAAA;AAKzBC,OALKF;AAWC,aAAMG,SAASA,CAAC;AAAA,EAAEC;AAA4B,MAAM;AAAAC,KAAA;AACzD,QAAM,CAACC,cAAcC,eAAe,IAAI3C,SAAS,KAAK;AACtD,QAAM,CAAC4C,aAAaC,cAAc,IAAI7C,SAAS,EAAE;AAEjD,QAAM8C,WAAW1C,YAAY;AAE7B,WAAS2C,eAAeC,GAAqC;AAC3DA,MAAEC,eAAe;AAEjBH,aAAU,mBAAkBF,WAAY,gBAAe;AAAA,EACzD;AAEA,WAASM,kBAAkBC,OAA4C;AACrEN,mBAAeM,MAAMC,OAAOC,KAAK;AAAA,EACnC;AAEA,SACE,uBAAC,aACC,iCAAC,iBACC;AAAA,2BAAC,kBACC;AAAA,6BAAC,QAAK,KAAKnD,eAAe,KAAI,kBAAiB,WAAQ,kBAAiB,SAASsC,iBAAjF;AAAA;AAAA;AAAA;AAAA,aAA+F;AAAA,MAC/F,uBAAC,eAAY,WAAQ,iBAAgB,SAAS,MAAMG,gBAAgBW,UAAQ,CAACA,IAAI,GAAI,sBAArF;AAAA;AAAA;AAAA;AAAA,aAA2F;AAAA,MAC3F,uBAAC,cACC,iCAAC,iBAAc,IAAG,KAAI,iCAAC,QAAK,KAAKrD,MAAM,KAAI,qBAArB;AAAA;AAAA;AAAA;AAAA,aAAsC,KAA5D;AAAA;AAAA;AAAA;AAAA,aAA+D,KADjE;AAAA;AAAA;AAAA;AAAA,aAEA;AAAA,MACA,uBAAC,aAAU,SAAS,MAAM6C,SAAS,WAAW,GAAG,WAAQ,YAAW,oBAApE;AAAA;AAAA;AAAA;AAAA,aAAwE;AAAA,MACxE,uBAAC,aAAU,SAAS,MAAMA,SAAS,OAAO,GAAG,WAAQ,YAAW,oBAAhE;AAAA;AAAA;AAAA;AAAA,aAAoE;AAAA,MACpE,uBAAC,gBAAa,SAAS,MAAMA,SAAS,UAAU,GAAG,WAAQ,eAAc,uBAAzE;AAAA;AAAA;AAAA;AAAA,aAAgF;AAAA,SARlF;AAAA;AAAA;AAAA;AAAA,WASA;AAAA,IACA,uBAAC,aACC,WAAQ,eACR,OAAO;AAAA,MAAES,SAAU,GAAEb,eAAe,UAAU,MAAO;AAAA,IAAC,GACtD,UAAWM,OAAMD,eAAeC,CAAC,GAEjC,iCAAC,eACC,MAAK,QACL,MAAK,cACL,aAAc,sBACd,UAAWG,WAAU;AAACD,wBAAkBC,KAAK;AAAA,IAAC,GAC9C,WAAQ,kBALV;AAAA;AAAA;AAAA;AAAA,WAKwB,KAV1B;AAAA;AAAA;AAAA;AAAA,WAYA;AAAA,OAvBF;AAAA;AAAA;AAAA;AAAA,SAwBA,KAzBF;AAAA;AAAA;AAAA;AAAA,SA0BA;AAEJ;AAACV,GA7CYF,QAAM;AAAA,UAIAnC,WAAW;AAAA;AAAAoD,OAJjBjB;AAAM,IAAA/B,IAAAE,KAAAE,KAAAG,KAAAG,KAAAE,KAAAI,KAAAE,KAAAE,KAAAE,MAAAE,MAAAG,MAAAG,MAAAkB;AAAAC,aAAAjD,IAAA;AAAAiD,aAAA/C,KAAA;AAAA+C,aAAA7C,KAAA;AAAA6C,aAAA1C,KAAA;AAAA0C,aAAAvC,KAAA;AAAAuC,aAAArC,KAAA;AAAAqC,aAAAjC,KAAA;AAAAiC,aAAA/B,KAAA;AAAA+B,aAAA7B,KAAA;AAAA6B,aAAA3B,MAAA;AAAA2B,aAAAzB,MAAA;AAAAyB,aAAAtB,MAAA;AAAAsB,aAAAnB,MAAA;AAAAmB,aAAAD,MAAA",
      "names": [
        "styled",
        "useState",
        "logo",
        "hamburgerIcon",
        "NavLink",
        "useNavigate",
        "Background",
        "Container",
        "div",
        "_c",
        "DarkContainer",
        "_c2",
        "LabelContainer",
        "_c3",
        "SearchBar",
        "form",
        "_c4",
        "Logo",
        "img",
        "_c5",
        "Icon",
        "_c6",
        "MenuLabel",
        "p",
        "StyledNavLink",
        "_c7",
        "SearchLabel",
        "_c8",
        "ShopLabel",
        "_c9",
        "CartLabel",
        "_c10",
        "AccountLabel",
        "_c11",
        "StyledInput",
        "input",
        "_c12",
        "StyledSpan",
        "span",
        "_c13",
        "Header",
        "setMenuIsOpen",
        "_s",
        "searchIsOpen",
        "setSearchIsOpen",
        "searchQuery",
        "setSearchQuery",
        "navigate",
        "handleOnSubmit",
        "e",
        "preventDefault",
        "handleInputChange",
        "event",
        "target",
        "value",
        "prev",
        "display",
        "_c14",
        "$RefreshReg$"
      ],
      "sources": [
        "D:/dev/sneaker-ecommerce-site/client/src/components/Header/Header.tsx"
      ],
      "file": "D:/dev/sneaker-ecommerce-site/client/src/components/Header/Header.tsx"
    },
    "_coverageSchema": "1a1c01bbd47fc00a2c39e90264f33305004495a9",
    "hash": "58588f2f49c871a0ae115e72ef46b06e1b22a343"
  },
  "D:/dev/sneaker-ecommerce-site/client/src/components/Footer/Footer.tsx": {
    "path": "D:/dev/sneaker-ecommerce-site/client/src/components/Footer/Footer.tsx",
    "statementMap": {
      "0": {
        "start": {
          "line": 3,
          "column": 20
        },
        "end": {
          "line": 3,
          "column": 97
        }
      },
      "1": {
        "start": {
          "line": 6,
          "column": 0
        },
        "end": {
          "line": 16,
          "column": 1
        }
      },
      "2": {
        "start": {
          "line": 7,
          "column": 2
        },
        "end": {
          "line": 9,
          "column": 3
        }
      },
      "3": {
        "start": {
          "line": 8,
          "column": 4
        },
        "end": {
          "line": 8,
          "column": 165
        }
      },
      "4": {
        "start": {
          "line": 10,
          "column": 2
        },
        "end": {
          "line": 10,
          "column": 39
        }
      },
      "5": {
        "start": {
          "line": 11,
          "column": 2
        },
        "end": {
          "line": 11,
          "column": 39
        }
      },
      "6": {
        "start": {
          "line": 12,
          "column": 2
        },
        "end": {
          "line": 14,
          "column": 4
        }
      },
      "7": {
        "start": {
          "line": 13,
          "column": 4
        },
        "end": {
          "line": 13,
          "column": 113
        }
      },
      "8": {
        "start": {
          "line": 15,
          "column": 2
        },
        "end": {
          "line": 15,
          "column": 75
        }
      },
      "9": {
        "start": {
          "line": 23,
          "column": 18
        },
        "end": {
          "line": 38,
          "column": 1
        }
      },
      "10": {
        "start": {
          "line": 39,
          "column": 0
        },
        "end": {
          "line": 39,
          "column": 15
        }
      },
      "11": {
        "start": {
          "line": 40,
          "column": 22
        },
        "end": {
          "line": 49,
          "column": 1
        }
      },
      "12": {
        "start": {
          "line": 50,
          "column": 23
        },
        "end": {
          "line": 53,
          "column": 1
        }
      },
      "13": {
        "start": {
          "line": 54,
          "column": 0
        },
        "end": {
          "line": 54,
          "column": 21
        }
      },
      "14": {
        "start": {
          "line": 55,
          "column": 20
        },
        "end": {
          "line": 57,
          "column": 1
        }
      },
      "15": {
        "start": {
          "line": 58,
          "column": 0
        },
        "end": {
          "line": 58,
          "column": 18
        }
      },
      "16": {
        "start": {
          "line": 59,
          "column": 22
        },
        "end": {
          "line": 61,
          "column": 1
        }
      },
      "17": {
        "start": {
          "line": 62,
          "column": 0
        },
        "end": {
          "line": 62,
          "column": 20
        }
      },
      "18": {
        "start": {
          "line": 63,
          "column": 21
        },
        "end": {
          "line": 66,
          "column": 1
        }
      },
      "19": {
        "start": {
          "line": 67,
          "column": 0
        },
        "end": {
          "line": 67,
          "column": 19
        }
      },
      "20": {
        "start": {
          "line": 68,
          "column": 20
        },
        "end": {
          "line": 70,
          "column": 1
        }
      },
      "21": {
        "start": {
          "line": 71,
          "column": 0
        },
        "end": {
          "line": 71,
          "column": 18
        }
      },
      "22": {
        "start": {
          "line": 72,
          "column": 20
        },
        "end": {
          "line": 81,
          "column": 1
        }
      },
      "23": {
        "start": {
          "line": 82,
          "column": 0
        },
        "end": {
          "line": 82,
          "column": 18
        }
      },
      "24": {
        "start": {
          "line": 83,
          "column": 20
        },
        "end": {
          "line": 88,
          "column": 1
        }
      },
      "25": {
        "start": {
          "line": 89,
          "column": 0
        },
        "end": {
          "line": 89,
          "column": 18
        }
      },
      "26": {
        "start": {
          "line": 90,
          "column": 13
        },
        "end": {
          "line": 92,
          "column": 1
        }
      },
      "27": {
        "start": {
          "line": 93,
          "column": 0
        },
        "end": {
          "line": 93,
          "column": 11
        }
      },
      "28": {
        "start": {
          "line": 94,
          "column": 22
        },
        "end": {
          "line": 206,
          "column": 1
        }
      },
      "29": {
        "start": {
          "line": 95,
          "column": 2
        },
        "end": {
          "line": 205,
          "column": 11
        }
      },
      "30": {
        "start": {
          "line": 207,
          "column": 0
        },
        "end": {
          "line": 207,
          "column": 14
        }
      },
      "31": {
        "start": {
          "line": 209,
          "column": 0
        },
        "end": {
          "line": 209,
          "column": 30
        }
      },
      "32": {
        "start": {
          "line": 210,
          "column": 0
        },
        "end": {
          "line": 210,
          "column": 36
        }
      },
      "33": {
        "start": {
          "line": 211,
          "column": 0
        },
        "end": {
          "line": 211,
          "column": 33
        }
      },
      "34": {
        "start": {
          "line": 212,
          "column": 0
        },
        "end": {
          "line": 212,
          "column": 35
        }
      },
      "35": {
        "start": {
          "line": 213,
          "column": 0
        },
        "end": {
          "line": 213,
          "column": 34
        }
      },
      "36": {
        "start": {
          "line": 214,
          "column": 0
        },
        "end": {
          "line": 214,
          "column": 33
        }
      },
      "37": {
        "start": {
          "line": 215,
          "column": 0
        },
        "end": {
          "line": 215,
          "column": 33
        }
      },
      "38": {
        "start": {
          "line": 216,
          "column": 0
        },
        "end": {
          "line": 216,
          "column": 33
        }
      },
      "39": {
        "start": {
          "line": 217,
          "column": 0
        },
        "end": {
          "line": 217,
          "column": 26
        }
      },
      "40": {
        "start": {
          "line": 218,
          "column": 0
        },
        "end": {
          "line": 218,
          "column": 29
        }
      },
      "41": {
        "start": {
          "line": 219,
          "column": 0
        },
        "end": {
          "line": 232,
          "column": 1
        }
      },
      "42": {
        "start": {
          "line": 220,
          "column": 2
        },
        "end": {
          "line": 220,
          "column": 39
        }
      },
      "43": {
        "start": {
          "line": 221,
          "column": 2
        },
        "end": {
          "line": 221,
          "column": 39
        }
      },
      "44": {
        "start": {
          "line": 222,
          "column": 2
        },
        "end": {
          "line": 231,
          "column": 5
        }
      },
      "45": {
        "start": {
          "line": 223,
          "column": 4
        },
        "end": {
          "line": 223,
          "column": 139
        }
      },
      "46": {
        "start": {
          "line": 224,
          "column": 4
        },
        "end": {
          "line": 230,
          "column": 7
        }
      },
      "47": {
        "start": {
          "line": 225,
          "column": 6
        },
        "end": {
          "line": 226,
          "column": 15
        }
      },
      "48": {
        "start": {
          "line": 226,
          "column": 8
        },
        "end": {
          "line": 226,
          "column": 15
        }
      },
      "49": {
        "start": {
          "line": 227,
          "column": 32
        },
        "end": {
          "line": 227,
          "column": 115
        }
      },
      "50": {
        "start": {
          "line": 228,
          "column": 6
        },
        "end": {
          "line": 229,
          "column": 54
        }
      },
      "51": {
        "start": {
          "line": 229,
          "column": 8
        },
        "end": {
          "line": 229,
          "column": 54
        }
      }
    },
    "fnMap": {
      "0": {
        "name": "(anonymous_0)",
        "decl": {
          "start": {
            "line": 12,
            "column": 24
          },
          "end": {
            "line": 12,
            "column": 25
          }
        },
        "loc": {
          "start": {
            "line": 12,
            "column": 38
          },
          "end": {
            "line": 14,
            "column": 3
          }
        },
        "line": 12
      },
      "1": {
        "name": "(anonymous_1)",
        "decl": {
          "start": {
            "line": 94,
            "column": 22
          },
          "end": {
            "line": 94,
            "column": 23
          }
        },
        "loc": {
          "start": {
            "line": 94,
            "column": 28
          },
          "end": {
            "line": 206,
            "column": 1
          }
        },
        "line": 94
      },
      "2": {
        "name": "(anonymous_2)",
        "decl": {
          "start": {
            "line": 222,
            "column": 52
          },
          "end": {
            "line": 222,
            "column": 53
          }
        },
        "loc": {
          "start": {
            "line": 222,
            "column": 72
          },
          "end": {
            "line": 231,
            "column": 3
          }
        },
        "line": 222
      },
      "3": {
        "name": "(anonymous_3)",
        "decl": {
          "start": {
            "line": 224,
            "column": 27
          },
          "end": {
            "line": 224,
            "column": 28
          }
        },
        "loc": {
          "start": {
            "line": 224,
            "column": 44
          },
          "end": {
            "line": 230,
            "column": 5
          }
        },
        "line": 224
      }
    },
    "branchMap": {
      "0": {
        "loc": {
          "start": {
            "line": 3,
            "column": 20
          },
          "end": {
            "line": 3,
            "column": 97
          }
        },
        "type": "binary-expr",
        "locations": [
          {
            "start": {
              "line": 3,
              "column": 20
            },
            "end": {
              "line": 3,
              "column": 60
            }
          },
          {
            "start": {
              "line": 3,
              "column": 64
            },
            "end": {
              "line": 3,
              "column": 97
            }
          }
        ],
        "line": 3
      },
      "1": {
        "loc": {
          "start": {
            "line": 6,
            "column": 0
          },
          "end": {
            "line": 16,
            "column": 1
          }
        },
        "type": "if",
        "locations": [
          {
            "start": {
              "line": 6,
              "column": 0
            },
            "end": {
              "line": 16,
              "column": 1
            }
          },
          {
            "start": {},
            "end": {}
          }
        ],
        "line": 6
      },
      "2": {
        "loc": {
          "start": {
            "line": 6,
            "column": 4
          },
          "end": {
            "line": 6,
            "column": 35
          }
        },
        "type": "binary-expr",
        "locations": [
          {
            "start": {
              "line": 6,
              "column": 4
            },
            "end": {
              "line": 6,
              "column": 19
            }
          },
          {
            "start": {
              "line": 6,
              "column": 23
            },
            "end": {
              "line": 6,
              "column": 35
            }
          }
        ],
        "line": 6
      },
      "3": {
        "loc": {
          "start": {
            "line": 7,
            "column": 2
          },
          "end": {
            "line": 9,
            "column": 3
          }
        },
        "type": "if",
        "locations": [
          {
            "start": {
              "line": 7,
              "column": 2
            },
            "end": {
              "line": 9,
              "column": 3
            }
          },
          {
            "start": {},
            "end": {}
          }
        ],
        "line": 7
      },
      "4": {
        "loc": {
          "start": {
            "line": 219,
            "column": 0
          },
          "end": {
            "line": 232,
            "column": 1
          }
        },
        "type": "if",
        "locations": [
          {
            "start": {
              "line": 219,
              "column": 0
            },
            "end": {
              "line": 232,
              "column": 1
            }
          },
          {
            "start": {},
            "end": {}
          }
        ],
        "line": 219
      },
      "5": {
        "loc": {
          "start": {
            "line": 219,
            "column": 4
          },
          "end": {
            "line": 219,
            "column": 35
          }
        },
        "type": "binary-expr",
        "locations": [
          {
            "start": {
              "line": 219,
              "column": 4
            },
            "end": {
              "line": 219,
              "column": 19
            }
          },
          {
            "start": {
              "line": 219,
              "column": 23
            },
            "end": {
              "line": 219,
              "column": 35
            }
          }
        ],
        "line": 219
      },
      "6": {
        "loc": {
          "start": {
            "line": 225,
            "column": 6
          },
          "end": {
            "line": 226,
            "column": 15
          }
        },
        "type": "if",
        "locations": [
          {
            "start": {
              "line": 225,
              "column": 6
            },
            "end": {
              "line": 226,
              "column": 15
            }
          },
          {
            "start": {},
            "end": {}
          }
        ],
        "line": 225
      },
      "7": {
        "loc": {
          "start": {
            "line": 228,
            "column": 6
          },
          "end": {
            "line": 229,
            "column": 54
          }
        },
        "type": "if",
        "locations": [
          {
            "start": {
              "line": 228,
              "column": 6
            },
            "end": {
              "line": 229,
              "column": 54
            }
          },
          {
            "start": {},
            "end": {}
          }
        ],
        "line": 228
      }
    },
    "s": {
      "0": 3,
      "1": 3,
      "2": 3,
      "3": 0,
      "4": 3,
      "5": 3,
      "6": 3,
      "7": 30,
      "8": 3,
      "9": 3,
      "10": 3,
      "11": 3,
      "12": 3,
      "13": 3,
      "14": 3,
      "15": 3,
      "16": 3,
      "17": 3,
      "18": 3,
      "19": 3,
      "20": 3,
      "21": 3,
      "22": 3,
      "23": 3,
      "24": 3,
      "25": 3,
      "26": 3,
      "27": 3,
      "28": 3,
      "29": 0,
      "30": 3,
      "31": 3,
      "32": 3,
      "33": 3,
      "34": 3,
      "35": 3,
      "36": 3,
      "37": 3,
      "38": 3,
      "39": 3,
      "40": 3,
      "41": 3,
      "42": 3,
      "43": 3,
      "44": 3,
      "45": 3,
      "46": 3,
      "47": 0,
      "48": 0,
      "49": 0,
      "50": 0,
      "51": 0
    },
    "f": {
      "0": 30,
      "1": 0,
      "2": 3,
      "3": 0
    },
    "b": {
      "0": [
        3,
        0
      ],
      "1": [
        3,
        0
      ],
      "2": [
        3,
        3
      ],
      "3": [
        0,
        3
      ],
      "4": [
        3,
        0
      ],
      "5": [
        3,
        3
      ],
      "6": [
        0,
        0
      ],
      "7": [
        0,
        0
      ]
    },
    "inputSourceMap": {
      "version": 3,
      "mappings": "AAoFU;AApFV,OAAOA,oBAAY;AAAmB;AAAA;AAAA;AAAA;AAAA;AAAA;AAAA;AAAA;AAAA;AAAA;AAAA;AAAA;AAAA;AAAA;AAAA;AACtC,SAASC,eAAe;AAExB,OAAOC,YAAY;AACnB,OAAOC,gBAAgB;AACvB,OAAOC,eAAe;AACtB,OAAOC,eAAe;AAEtB,MAAMC,YAAYN,OAAOO;AAAAA;AAAAA;AAAAA;AAAAA;AAAAA;AAAAA;AAAAA;AAAAA;AAAAA;AAAAA;AAAAA;AAAAA;AAAAA;AAAAA;AAAAA;AAexBC,KAfKF;AAiBN,MAAMG,gBAAgBT,OAAOU;AAAAA;AAAAA;AAAAA;AAAAA;AAAAA;AAAAA;AAAAA;AAAAA;AAAAA;AAW7B,MAAMC,iBAAiBX,OAAOS,aAAa;AAAA;AAAA;AAAA;AAG1CG,MAHKD;AAKN,MAAME,cAAcb,OAAOS,aAAa;AAAA;AAAA;AAEvCK,MAFKD;AAIN,MAAME,gBAAgBf,OAAOS,aAAa;AAAA;AAAA;AAEzCO,MAFKD;AAIN,MAAME,eAAejB,OAAOkB;AAAAA;AAAAA;AAAAA;AAG3BC,MAHKF;AAKN,MAAMG,cAAcpB,OAAOkB;AAAAA;AAAAA;AAE1BG,MAFKD;AAIN,MAAME,cAActB,OAAOkB;AAAAA;AAAAA;AAAAA;AAAAA;AAAAA;AAAAA;AAAAA;AAAAA;AAAAA;AAS1BK,MATKD;AAWN,MAAME,cAAcxB,OAAOC,OAAO;AAAA;AAAA;AAAA;AAAA;AAAA;AAKjCwB,MALKD;AAON,MAAME,OAAO1B,OAAO2B;AAAAA;AAAAA;AAEnBC,MAFKF;AAIC,aAAMG,SAASA,MAAM;AAC1B,SACI,uBAAC,aACC;AAAA,2BAAC,kBACC;AAAA,6BAAC,gBAAa,wBAAd;AAAA;AAAA;AAAA;AAAA,aAAsB;AAAA,MACtB,uBAAC,eAAY,gKAAb;AAAA;AAAA;AAAA;AAAA,aAIA;AAAA,MACA,uBAAC,eACC;AAAA,+BAAC,QAAK,KAAKzB,WAAW,OAAO;AAAA,UAAE0B,OAAO;AAAA,QAAO,KAA7C;AAAA;AAAA;AAAA;AAAA,eAA+C;AAAA,QAAE;AAAA,WADnD;AAAA;AAAA;AAAA;AAAA,aAGA;AAAA,MACA,uBAAC,eACC;AAAA,+BAAC,QAAK,KAAKzB,WAAW,OAAO;AAAA,UAAEyB,OAAO;AAAA,QAAO,KAA7C;AAAA;AAAA;AAAA;AAAA,eAA+C;AAAA,QAAG;AAAA,WADpD;AAAA;AAAA;AAAA;AAAA,aAGA;AAAA,SAdF;AAAA;AAAA;AAAA;AAAA,WAeA;AAAA,IACA,uBAAC,eACC;AAAA,6BAAC,gBAAa,0BAAd;AAAA;AAAA;AAAA;AAAA,aAAwB;AAAA,MACxB,uBAAC,eAAY,IAAG,KAAI,oBAApB;AAAA;AAAA;AAAA;AAAA,aAAwB;AAAA,MACxB,uBAAC,eAAY,IAAG,aAAY,wBAA5B;AAAA;AAAA;AAAA;AAAA,aAAoC;AAAA,MACpC,uBAAC,eAAY,IAAG,YAAW,uBAA3B;AAAA;AAAA;AAAA;AAAA,aAAkC;AAAA,SAJpC;AAAA;AAAA;AAAA;AAAA,WAKA;AAAA,IACA,uBAAC,iBACC;AAAA,6BAAC,gBAAa,4BAAd;AAAA;AAAA;AAAA;AAAA,aAA0B;AAAA,MAE1B,uBAAC,eAAY,IAAG,wCACd;AAAA,+BAAC,QAAK,KAAK5B,UAAX;AAAA;AAAA;AAAA;AAAA,eAAkB;AAAA,QAAG;AAAA,WADvB;AAAA;AAAA;AAAA;AAAA,aAGA;AAAA,MACA,uBAAC,eAAY,IAAG,8CACd;AAAA,+BAAC,QAAK,KAAKC,cAAX;AAAA;AAAA;AAAA;AAAA,eAAsB;AAAA,QAAG;AAAA,WAD3B;AAAA;AAAA;AAAA;AAAA,aAGA;AAAA,SAVF;AAAA;AAAA;AAAA;AAAA,WAWA;AAAA,OAlCF;AAAA;AAAA;AAAA;AAAA,SAmCA;AAEN;AAAC4B,OAvCYF;AAAM,IAAArB,IAAAI,KAAAE,KAAAE,KAAAG,KAAAE,KAAAE,KAAAE,KAAAG,KAAAG;AAAAC,aAAAxB,IAAA;AAAAwB,aAAApB,KAAA;AAAAoB,aAAAlB,KAAA;AAAAkB,aAAAhB,KAAA;AAAAgB,aAAAb,KAAA;AAAAa,aAAAX,KAAA;AAAAW,aAAAT,KAAA;AAAAS,aAAAP,KAAA;AAAAO,aAAAJ,KAAA;AAAAI,aAAAD,MAAA",
      "names": [
        "styled",
        "NavLink",
        "IGLogo",
        "TikTokLogo",
        "PhoneLogo",
        "EmailLogo",
        "Container",
        "div",
        "_c",
        "StyledSection",
        "section",
        "ContactSection",
        "_c2",
        "LinkSection",
        "_c3",
        "SocialSection",
        "_c4",
        "SectionTitle",
        "p",
        "_c5",
        "ContentText",
        "_c6",
        "ContactInfo",
        "_c7",
        "FooterLinks",
        "_c8",
        "Logo",
        "img",
        "_c9",
        "Footer",
        "width",
        "_c10",
        "$RefreshReg$"
      ],
      "sources": [
        "D:/dev/sneaker-ecommerce-site/client/src/components/Footer/Footer.tsx"
      ],
      "file": "D:/dev/sneaker-ecommerce-site/client/src/components/Footer/Footer.tsx"
    },
    "_coverageSchema": "1a1c01bbd47fc00a2c39e90264f33305004495a9",
    "hash": "068e636aad17f86879d079c7b0816c2eeebbd263"
  },
  "D:/dev/sneaker-ecommerce-site/client/src/components/Sidebar/Sidebar.tsx": {
    "path": "D:/dev/sneaker-ecommerce-site/client/src/components/Sidebar/Sidebar.tsx",
    "statementMap": {
      "0": {
        "start": {
          "line": 3,
          "column": 20
        },
        "end": {
          "line": 3,
          "column": 97
        }
      },
      "1": {
        "start": {
          "line": 6,
          "column": 0
        },
        "end": {
          "line": 16,
          "column": 1
        }
      },
      "2": {
        "start": {
          "line": 7,
          "column": 2
        },
        "end": {
          "line": 9,
          "column": 3
        }
      },
      "3": {
        "start": {
          "line": 8,
          "column": 4
        },
        "end": {
          "line": 8,
          "column": 165
        }
      },
      "4": {
        "start": {
          "line": 10,
          "column": 2
        },
        "end": {
          "line": 10,
          "column": 39
        }
      },
      "5": {
        "start": {
          "line": 11,
          "column": 2
        },
        "end": {
          "line": 11,
          "column": 39
        }
      },
      "6": {
        "start": {
          "line": 12,
          "column": 2
        },
        "end": {
          "line": 14,
          "column": 4
        }
      },
      "7": {
        "start": {
          "line": 13,
          "column": 4
        },
        "end": {
          "line": 13,
          "column": 115
        }
      },
      "8": {
        "start": {
          "line": 15,
          "column": 2
        },
        "end": {
          "line": 15,
          "column": 75
        }
      },
      "9": {
        "start": {
          "line": 22,
          "column": 18
        },
        "end": {
          "line": 37,
          "column": 1
        }
      },
      "10": {
        "start": {
          "line": 38,
          "column": 0
        },
        "end": {
          "line": 38,
          "column": 15
        }
      },
      "11": {
        "start": {
          "line": 39,
          "column": 21
        },
        "end": {
          "line": 42,
          "column": 1
        }
      },
      "12": {
        "start": {
          "line": 43,
          "column": 0
        },
        "end": {
          "line": 43,
          "column": 19
        }
      },
      "13": {
        "start": {
          "line": 44,
          "column": 13
        },
        "end": {
          "line": 54,
          "column": 1
        }
      },
      "14": {
        "start": {
          "line": 55,
          "column": 0
        },
        "end": {
          "line": 55,
          "column": 11
        }
      },
      "15": {
        "start": {
          "line": 56,
          "column": 13
        },
        "end": {
          "line": 64,
          "column": 1
        }
      },
      "16": {
        "start": {
          "line": 65,
          "column": 0
        },
        "end": {
          "line": 65,
          "column": 11
        }
      },
      "17": {
        "start": {
          "line": 66,
          "column": 21
        },
        "end": {
          "line": 69,
          "column": 1
        }
      },
      "18": {
        "start": {
          "line": 70,
          "column": 0
        },
        "end": {
          "line": 70,
          "column": 19
        }
      },
      "19": {
        "start": {
          "line": 71,
          "column": 22
        },
        "end": {
          "line": 75,
          "column": 1
        }
      },
      "20": {
        "start": {
          "line": 76,
          "column": 0
        },
        "end": {
          "line": 76,
          "column": 20
        }
      },
      "21": {
        "start": {
          "line": 77,
          "column": 17
        },
        "end": {
          "line": 109,
          "column": 1
        }
      },
      "22": {
        "start": {
          "line": 110,
          "column": 0
        },
        "end": {
          "line": 110,
          "column": 15
        }
      },
      "23": {
        "start": {
          "line": 111,
          "column": 23
        },
        "end": {
          "line": 235,
          "column": 1
        }
      },
      "24": {
        "start": {
          "line": 114,
          "column": 2
        },
        "end": {
          "line": 234,
          "column": 11
        }
      },
      "25": {
        "start": {
          "line": 236,
          "column": 0
        },
        "end": {
          "line": 236,
          "column": 14
        }
      },
      "26": {
        "start": {
          "line": 238,
          "column": 0
        },
        "end": {
          "line": 238,
          "column": 30
        }
      },
      "27": {
        "start": {
          "line": 239,
          "column": 0
        },
        "end": {
          "line": 239,
          "column": 34
        }
      },
      "28": {
        "start": {
          "line": 240,
          "column": 0
        },
        "end": {
          "line": 240,
          "column": 26
        }
      },
      "29": {
        "start": {
          "line": 241,
          "column": 0
        },
        "end": {
          "line": 241,
          "column": 26
        }
      },
      "30": {
        "start": {
          "line": 242,
          "column": 0
        },
        "end": {
          "line": 242,
          "column": 34
        }
      },
      "31": {
        "start": {
          "line": 243,
          "column": 0
        },
        "end": {
          "line": 243,
          "column": 35
        }
      },
      "32": {
        "start": {
          "line": 244,
          "column": 0
        },
        "end": {
          "line": 244,
          "column": 30
        }
      },
      "33": {
        "start": {
          "line": 245,
          "column": 0
        },
        "end": {
          "line": 245,
          "column": 29
        }
      },
      "34": {
        "start": {
          "line": 246,
          "column": 0
        },
        "end": {
          "line": 259,
          "column": 1
        }
      },
      "35": {
        "start": {
          "line": 247,
          "column": 2
        },
        "end": {
          "line": 247,
          "column": 39
        }
      },
      "36": {
        "start": {
          "line": 248,
          "column": 2
        },
        "end": {
          "line": 248,
          "column": 39
        }
      },
      "37": {
        "start": {
          "line": 249,
          "column": 2
        },
        "end": {
          "line": 258,
          "column": 5
        }
      },
      "38": {
        "start": {
          "line": 250,
          "column": 4
        },
        "end": {
          "line": 250,
          "column": 141
        }
      },
      "39": {
        "start": {
          "line": 251,
          "column": 4
        },
        "end": {
          "line": 257,
          "column": 7
        }
      },
      "40": {
        "start": {
          "line": 252,
          "column": 6
        },
        "end": {
          "line": 253,
          "column": 15
        }
      },
      "41": {
        "start": {
          "line": 253,
          "column": 8
        },
        "end": {
          "line": 253,
          "column": 15
        }
      },
      "42": {
        "start": {
          "line": 254,
          "column": 32
        },
        "end": {
          "line": 254,
          "column": 115
        }
      },
      "43": {
        "start": {
          "line": 255,
          "column": 6
        },
        "end": {
          "line": 256,
          "column": 54
        }
      },
      "44": {
        "start": {
          "line": 256,
          "column": 8
        },
        "end": {
          "line": 256,
          "column": 54
        }
      }
    },
    "fnMap": {
      "0": {
        "name": "(anonymous_0)",
        "decl": {
          "start": {
            "line": 12,
            "column": 24
          },
          "end": {
            "line": 12,
            "column": 25
          }
        },
        "loc": {
          "start": {
            "line": 12,
            "column": 38
          },
          "end": {
            "line": 14,
            "column": 3
          }
        },
        "line": 12
      },
      "1": {
        "name": "(anonymous_1)",
        "decl": {
          "start": {
            "line": 111,
            "column": 23
          },
          "end": {
            "line": 111,
            "column": 24
          }
        },
        "loc": {
          "start": {
            "line": 113,
            "column": 6
          },
          "end": {
            "line": 235,
            "column": 1
          }
        },
        "line": 113
      },
      "2": {
        "name": "(anonymous_2)",
        "decl": {
          "start": {
            "line": 249,
            "column": 52
          },
          "end": {
            "line": 249,
            "column": 53
          }
        },
        "loc": {
          "start": {
            "line": 249,
            "column": 72
          },
          "end": {
            "line": 258,
            "column": 3
          }
        },
        "line": 249
      },
      "3": {
        "name": "(anonymous_3)",
        "decl": {
          "start": {
            "line": 251,
            "column": 27
          },
          "end": {
            "line": 251,
            "column": 28
          }
        },
        "loc": {
          "start": {
            "line": 251,
            "column": 44
          },
          "end": {
            "line": 257,
            "column": 5
          }
        },
        "line": 251
      }
    },
    "branchMap": {
      "0": {
        "loc": {
          "start": {
            "line": 3,
            "column": 20
          },
          "end": {
            "line": 3,
            "column": 97
          }
        },
        "type": "binary-expr",
        "locations": [
          {
            "start": {
              "line": 3,
              "column": 20
            },
            "end": {
              "line": 3,
              "column": 60
            }
          },
          {
            "start": {
              "line": 3,
              "column": 64
            },
            "end": {
              "line": 3,
              "column": 97
            }
          }
        ],
        "line": 3
      },
      "1": {
        "loc": {
          "start": {
            "line": 6,
            "column": 0
          },
          "end": {
            "line": 16,
            "column": 1
          }
        },
        "type": "if",
        "locations": [
          {
            "start": {
              "line": 6,
              "column": 0
            },
            "end": {
              "line": 16,
              "column": 1
            }
          },
          {
            "start": {},
            "end": {}
          }
        ],
        "line": 6
      },
      "2": {
        "loc": {
          "start": {
            "line": 6,
            "column": 4
          },
          "end": {
            "line": 6,
            "column": 35
          }
        },
        "type": "binary-expr",
        "locations": [
          {
            "start": {
              "line": 6,
              "column": 4
            },
            "end": {
              "line": 6,
              "column": 19
            }
          },
          {
            "start": {
              "line": 6,
              "column": 23
            },
            "end": {
              "line": 6,
              "column": 35
            }
          }
        ],
        "line": 6
      },
      "3": {
        "loc": {
          "start": {
            "line": 7,
            "column": 2
          },
          "end": {
            "line": 9,
            "column": 3
          }
        },
        "type": "if",
        "locations": [
          {
            "start": {
              "line": 7,
              "column": 2
            },
            "end": {
              "line": 9,
              "column": 3
            }
          },
          {
            "start": {},
            "end": {}
          }
        ],
        "line": 7
      },
      "4": {
        "loc": {
          "start": {
            "line": 246,
            "column": 0
          },
          "end": {
            "line": 259,
            "column": 1
          }
        },
        "type": "if",
        "locations": [
          {
            "start": {
              "line": 246,
              "column": 0
            },
            "end": {
              "line": 259,
              "column": 1
            }
          },
          {
            "start": {},
            "end": {}
          }
        ],
        "line": 246
      },
      "5": {
        "loc": {
          "start": {
            "line": 246,
            "column": 4
          },
          "end": {
            "line": 246,
            "column": 35
          }
        },
        "type": "binary-expr",
        "locations": [
          {
            "start": {
              "line": 246,
              "column": 4
            },
            "end": {
              "line": 246,
              "column": 19
            }
          },
          {
            "start": {
              "line": 246,
              "column": 23
            },
            "end": {
              "line": 246,
              "column": 35
            }
          }
        ],
        "line": 246
      },
      "6": {
        "loc": {
          "start": {
            "line": 252,
            "column": 6
          },
          "end": {
            "line": 253,
            "column": 15
          }
        },
        "type": "if",
        "locations": [
          {
            "start": {
              "line": 252,
              "column": 6
            },
            "end": {
              "line": 253,
              "column": 15
            }
          },
          {
            "start": {},
            "end": {}
          }
        ],
        "line": 252
      },
      "7": {
        "loc": {
          "start": {
            "line": 255,
            "column": 6
          },
          "end": {
            "line": 256,
            "column": 54
          }
        },
        "type": "if",
        "locations": [
          {
            "start": {
              "line": 255,
              "column": 6
            },
            "end": {
              "line": 256,
              "column": 54
            }
          },
          {
            "start": {},
            "end": {}
          }
        ],
        "line": 255
      }
    },
    "s": {
      "0": 3,
      "1": 3,
      "2": 3,
      "3": 0,
      "4": 3,
      "5": 3,
      "6": 3,
      "7": 24,
      "8": 3,
      "9": 3,
      "10": 3,
      "11": 3,
      "12": 3,
      "13": 3,
      "14": 3,
      "15": 3,
      "16": 3,
      "17": 3,
      "18": 3,
      "19": 3,
      "20": 3,
      "21": 3,
      "22": 3,
      "23": 3,
      "24": 0,
      "25": 3,
      "26": 3,
      "27": 3,
      "28": 3,
      "29": 3,
      "30": 3,
      "31": 3,
      "32": 3,
      "33": 3,
      "34": 3,
      "35": 3,
      "36": 3,
      "37": 3,
      "38": 3,
      "39": 3,
      "40": 0,
      "41": 0,
      "42": 0,
      "43": 0,
      "44": 0
    },
    "f": {
      "0": 24,
      "1": 0,
      "2": 3,
      "3": 0
    },
    "b": {
      "0": [
        3,
        0
      ],
      "1": [
        3,
        0
      ],
      "2": [
        3,
        3
      ],
      "3": [
        0,
        3
      ],
      "4": [
        3,
        0
      ],
      "5": [
        3,
        3
      ],
      "6": [
        0,
        0
      ],
      "7": [
        0,
        0
      ]
    },
    "inputSourceMap": {
      "version": 3,
      "mappings": "AA0GU;AA1GV,OAAOA,oBAAY;AAAmB;AAAA;AAAA;AAAA;AAAA;AAAA;AAAA;AAAA;AAAA;AAAA;AAAA;AAAA;AAAA;AAAA;AAAA;AAEtC,OAAOC,gBAAgB;AACvB,OAAOC,eAAe;AACtB,OAAOC,iBAAiB;AACxB,SAASC,eAAe;AAExB,MAAMC,YAAYL,OAAOM;AAAAA;AAAAA;AAAAA;AAAAA;AAAAA;AAAAA;AAAAA;AAAAA;AAAAA;AAAAA;AAAAA;AAAAA;AAAAA;AAAAA;AAAAA;AAexBC,KAfKF;AAiBN,MAAMG,eAAeR,OAAOS;AAAAA;AAAAA;AAAAA;AAG3BC,MAHKF;AAKN,MAAMG,OAAOX,OAAOY;AAAAA;AAAAA;AAAAA;AAAAA;AAAAA;AAAAA;AAAAA;AAAAA;AAAAA;AAAAA;AAUnBC,MAVKF;AAYN,MAAMG,OAAOd,OAAOY;AAAAA;AAAAA;AAAAA;AAAAA;AAAAA;AAAAA;AAAAA;AAAAA;AAQnBG,MARKD;AAUN,MAAME,eAAehB,OAAOiB;AAAAA;AAAAA;AAAAA;AAG3BC,MAHKF;AAKN,MAAMG,gBAAgBnB,OAAOM;AAAAA;AAAAA;AAAAA;AAAAA;AAI5Bc,MAJKD;AAMN,MAAME,WAAWrB,OAAOI,OAAO;AAAA;AAAA;AAAA;AAAA;AAAA;AAAA;AAAA;AAAA;AAAA;AAAA;AAAA;AAAA;AAAA;AAAA;AAAA;AAAA;AAAA;AAAA;AAAA;AAAA;AAAA;AAAA;AAAA;AAAA;AAAA;AAAA;AAAA;AAAA;AAAA;AAAA;AAAA;AAAA;AAgC9BkB,MAhCKD;AAsCC,aAAME,UAAUA,CAAC;AAAA,EAAEC;AAA4B,MAAM;AAE1D,SACE,uBAAC,aACC;AAAA,2BAAC,gBACC;AAAA,6BAAC,WAAQ,IAAI,KAAK,SAASA,eACzB,iCAAC,QAAK,KAAKrB,aAAa,IAAG,gBAA3B;AAAA;AAAA;AAAA;AAAA,aAAuC,KADzC;AAAA;AAAA;AAAA;AAAA,aAEA;AAAA,MACA,uBAAC,QAAK,KAAKD,WAAW,SAASsB,eAAe,WAAQ,kBAAtD;AAAA;AAAA;AAAA;AAAA,aAAoE;AAAA,SAJtE;AAAA;AAAA;AAAA;AAAA,WAKA;AAAA,IACA,uBAAC,gBAAa,8BAAd;AAAA;AAAA;AAAA;AAAA,WAA4B;AAAA,IAC5B,uBAAC,iBACC;AAAA,6BAAC,YAAS,SAASA,eAAe,IAAI,oBAAoB;AAAA;AAAA,QAExD,uBAAC,QAAK,KAAKvB,YAAY,KAAI,iBAA3B;AAAA;AAAA;AAAA;AAAA,eAAwC;AAAA,WAF1C;AAAA;AAAA;AAAA;AAAA,aAGA;AAAA,MACA,uBAAC,YAAS,SAASuB,eAAe,IAAI,+BAA+B;AAAA;AAAA,QAEnE,uBAAC,QAAK,KAAKvB,YAAY,KAAI,iBAA3B;AAAA;AAAA;AAAA;AAAA,eAAwC;AAAA,WAF1C;AAAA;AAAA;AAAA;AAAA,aAGA;AAAA,MACA,uBAAC,YAAS,SAASuB,eAAe,IAAI,iCAAiC;AAAA;AAAA,QAErE,uBAAC,QAAK,KAAKvB,YAAY,KAAI,iBAA3B;AAAA;AAAA;AAAA;AAAA,eAAwC;AAAA,WAF1C;AAAA;AAAA;AAAA;AAAA,aAGA;AAAA,MACA,uBAAC,YAAS,SAASuB,eAAe,IAAI,gCAAgC;AAAA;AAAA,QAEpE,uBAAC,QAAK,KAAKvB,YAAY,KAAI,iBAA3B;AAAA;AAAA;AAAA;AAAA,eAAwC;AAAA,WAF1C;AAAA;AAAA;AAAA;AAAA,aAGA;AAAA,MACA,uBAAC,YAAS,SAASuB,eAAe,IAAI,iCAAiC;AAAA;AAAA,QAErE,uBAAC,QAAK,KAAKvB,YAAY,KAAI,iBAA3B;AAAA;AAAA;AAAA;AAAA,eAAwC;AAAA,WAF1C;AAAA;AAAA;AAAA;AAAA,aAGA;AAAA,MACA,uBAAC,YAAS,SAASuB,eAAe,IAAI,sCAAsC;AAAA;AAAA,QAE1E,uBAAC,QAAK,KAAKvB,YAAY,KAAI,iBAA3B;AAAA;AAAA;AAAA;AAAA,eAAwC;AAAA,WAF1C;AAAA;AAAA;AAAA;AAAA,aAGA;AAAA,MACA,uBAAC,YAAS,SAASuB,eAAe,IAAI,gCAAgC;AAAA;AAAA,QAEpE,uBAAC,QAAK,KAAKvB,YAAY,KAAI,iBAA3B;AAAA;AAAA;AAAA;AAAA,eAAwC;AAAA,WAF1C;AAAA;AAAA;AAAA;AAAA,aAGA;AAAA,SA5BF;AAAA;AAAA;AAAA;AAAA,WA6BA;AAAA,OArCF;AAAA;AAAA;AAAA;AAAA,SAsCA;AAEJ;AAACwB,MA3CYF;AAAO,IAAAhB,IAAAG,KAAAG,KAAAE,KAAAG,KAAAE,KAAAE,KAAAG;AAAAC,aAAAnB,IAAA;AAAAmB,aAAAhB,KAAA;AAAAgB,aAAAb,KAAA;AAAAa,aAAAX,KAAA;AAAAW,aAAAR,KAAA;AAAAQ,aAAAN,KAAA;AAAAM,aAAAJ,KAAA;AAAAI,aAAAD,KAAA",
      "names": [
        "styled",
        "RightArrow",
        "CloseIcon",
        "CompanyLogo",
        "NavLink",
        "Container",
        "div",
        "_c",
        "StyledHeader",
        "header",
        "_c2",
        "Icon",
        "img",
        "_c3",
        "Logo",
        "_c4",
        "MenuCategory",
        "p",
        "_c5",
        "MenuContainer",
        "_c6",
        "MenuItem",
        "_c7",
        "Sidebar",
        "setMenuIsOpen",
        "_c8",
        "$RefreshReg$"
      ],
      "sources": [
        "D:/dev/sneaker-ecommerce-site/client/src/components/Sidebar/Sidebar.tsx"
      ],
      "file": "D:/dev/sneaker-ecommerce-site/client/src/components/Sidebar/Sidebar.tsx"
    },
    "_coverageSchema": "1a1c01bbd47fc00a2c39e90264f33305004495a9",
    "hash": "9cb2a031cab0cf1251784779b8027671a7f09844"
  },
  "D:/dev/sneaker-ecommerce-site/client/src/components/ServiceBanner/ServiceBanner.tsx": {
    "path": "D:/dev/sneaker-ecommerce-site/client/src/components/ServiceBanner/ServiceBanner.tsx",
    "statementMap": {
      "0": {
        "start": {
          "line": 3,
          "column": 20
        },
        "end": {
          "line": 3,
          "column": 97
        }
      },
      "1": {
        "start": {
          "line": 6,
          "column": 0
        },
        "end": {
          "line": 16,
          "column": 1
        }
      },
      "2": {
        "start": {
          "line": 7,
          "column": 2
        },
        "end": {
          "line": 9,
          "column": 3
        }
      },
      "3": {
        "start": {
          "line": 8,
          "column": 4
        },
        "end": {
          "line": 8,
          "column": 165
        }
      },
      "4": {
        "start": {
          "line": 10,
          "column": 2
        },
        "end": {
          "line": 10,
          "column": 39
        }
      },
      "5": {
        "start": {
          "line": 11,
          "column": 2
        },
        "end": {
          "line": 11,
          "column": 39
        }
      },
      "6": {
        "start": {
          "line": 12,
          "column": 2
        },
        "end": {
          "line": 14,
          "column": 4
        }
      },
      "7": {
        "start": {
          "line": 13,
          "column": 4
        },
        "end": {
          "line": 13,
          "column": 127
        }
      },
      "8": {
        "start": {
          "line": 15,
          "column": 2
        },
        "end": {
          "line": 15,
          "column": 75
        }
      },
      "9": {
        "start": {
          "line": 22,
          "column": 24
        },
        "end": {
          "line": 39,
          "column": 1
        }
      },
      "10": {
        "start": {
          "line": 40,
          "column": 0
        },
        "end": {
          "line": 40,
          "column": 21
        }
      },
      "11": {
        "start": {
          "line": 41,
          "column": 22
        },
        "end": {
          "line": 49,
          "column": 1
        }
      },
      "12": {
        "start": {
          "line": 50,
          "column": 0
        },
        "end": {
          "line": 50,
          "column": 20
        }
      },
      "13": {
        "start": {
          "line": 51,
          "column": 13
        },
        "end": {
          "line": 56,
          "column": 1
        }
      },
      "14": {
        "start": {
          "line": 57,
          "column": 0
        },
        "end": {
          "line": 57,
          "column": 11
        }
      },
      "15": {
        "start": {
          "line": 58,
          "column": 19
        },
        "end": {
          "line": 68,
          "column": 1
        }
      },
      "16": {
        "start": {
          "line": 69,
          "column": 0
        },
        "end": {
          "line": 69,
          "column": 17
        }
      },
      "17": {
        "start": {
          "line": 70,
          "column": 13
        },
        "end": {
          "line": 81,
          "column": 1
        }
      },
      "18": {
        "start": {
          "line": 82,
          "column": 0
        },
        "end": {
          "line": 82,
          "column": 11
        }
      },
      "19": {
        "start": {
          "line": 83,
          "column": 22
        },
        "end": {
          "line": 87,
          "column": 1
        }
      },
      "20": {
        "start": {
          "line": 88,
          "column": 0
        },
        "end": {
          "line": 88,
          "column": 20
        }
      },
      "21": {
        "start": {
          "line": 89,
          "column": 29
        },
        "end": {
          "line": 167,
          "column": 1
        }
      },
      "22": {
        "start": {
          "line": 90,
          "column": 2
        },
        "end": {
          "line": 166,
          "column": 11
        }
      },
      "23": {
        "start": {
          "line": 168,
          "column": 0
        },
        "end": {
          "line": 168,
          "column": 20
        }
      },
      "24": {
        "start": {
          "line": 170,
          "column": 0
        },
        "end": {
          "line": 170,
          "column": 36
        }
      },
      "25": {
        "start": {
          "line": 171,
          "column": 0
        },
        "end": {
          "line": 171,
          "column": 35
        }
      },
      "26": {
        "start": {
          "line": 172,
          "column": 0
        },
        "end": {
          "line": 172,
          "column": 26
        }
      },
      "27": {
        "start": {
          "line": 173,
          "column": 0
        },
        "end": {
          "line": 173,
          "column": 32
        }
      },
      "28": {
        "start": {
          "line": 174,
          "column": 0
        },
        "end": {
          "line": 174,
          "column": 26
        }
      },
      "29": {
        "start": {
          "line": 175,
          "column": 0
        },
        "end": {
          "line": 175,
          "column": 35
        }
      },
      "30": {
        "start": {
          "line": 176,
          "column": 0
        },
        "end": {
          "line": 176,
          "column": 35
        }
      },
      "31": {
        "start": {
          "line": 177,
          "column": 0
        },
        "end": {
          "line": 190,
          "column": 1
        }
      },
      "32": {
        "start": {
          "line": 178,
          "column": 2
        },
        "end": {
          "line": 178,
          "column": 39
        }
      },
      "33": {
        "start": {
          "line": 179,
          "column": 2
        },
        "end": {
          "line": 179,
          "column": 39
        }
      },
      "34": {
        "start": {
          "line": 180,
          "column": 2
        },
        "end": {
          "line": 189,
          "column": 5
        }
      },
      "35": {
        "start": {
          "line": 181,
          "column": 4
        },
        "end": {
          "line": 181,
          "column": 153
        }
      },
      "36": {
        "start": {
          "line": 182,
          "column": 4
        },
        "end": {
          "line": 188,
          "column": 7
        }
      },
      "37": {
        "start": {
          "line": 183,
          "column": 6
        },
        "end": {
          "line": 184,
          "column": 15
        }
      },
      "38": {
        "start": {
          "line": 184,
          "column": 8
        },
        "end": {
          "line": 184,
          "column": 15
        }
      },
      "39": {
        "start": {
          "line": 185,
          "column": 32
        },
        "end": {
          "line": 185,
          "column": 115
        }
      },
      "40": {
        "start": {
          "line": 186,
          "column": 6
        },
        "end": {
          "line": 187,
          "column": 54
        }
      },
      "41": {
        "start": {
          "line": 187,
          "column": 8
        },
        "end": {
          "line": 187,
          "column": 54
        }
      }
    },
    "fnMap": {
      "0": {
        "name": "(anonymous_0)",
        "decl": {
          "start": {
            "line": 12,
[...]
        "loc": {
          "start": {
            "line": 332,
            "column": 10
          },
          "end": {
            "line": 336,
            "column": 18
          }
        },
        "type": "binary-expr",
        "locations": [
          {
            "start": {
              "line": 332,
              "column": 10
            },
            "end": {
              "line": 332,
              "column": 22
            }
          },
          {
            "start": {
              "line": 332,
              "column": 42
            },
            "end": {
              "line": 336,
              "column": 18
            }
          }
        ],
        "line": 332
      },
      "9": {
        "loc": {
          "start": {
            "line": 347,
            "column": 8
          },
          "end": {
            "line": 351,
            "column": 16
          }
        },
        "type": "binary-expr",
        "locations": [
          {
            "start": {
              "line": 347,
              "column": 8
            },
            "end": {
              "line": 347,
              "column": 19
            }
          },
          {
            "start": {
              "line": 347,
              "column": 39
            },
            "end": {
              "line": 351,
              "column": 16
            }
          }
        ],
        "line": 347
      },
      "10": {
        "loc": {
          "start": {
            "line": 388,
            "column": 0
          },
          "end": {
            "line": 401,
            "column": 1
          }
        },
        "type": "if",
        "locations": [
          {
            "start": {
              "line": 388,
              "column": 0
            },
            "end": {
              "line": 401,
              "column": 1
            }
          },
          {
            "start": {},
            "end": {}
          }
        ],
        "line": 388
      },
      "11": {
        "loc": {
          "start": {
            "line": 388,
            "column": 4
          },
          "end": {
            "line": 388,
            "column": 35
          }
        },
        "type": "binary-expr",
        "locations": [
          {
            "start": {
              "line": 388,
              "column": 4
            },
            "end": {
              "line": 388,
              "column": 19
            }
          },
          {
            "start": {
              "line": 388,
              "column": 23
            },
            "end": {
              "line": 388,
              "column": 35
            }
          }
        ],
        "line": 388
      },
      "12": {
        "loc": {
          "start": {
            "line": 394,
            "column": 6
          },
          "end": {
            "line": 395,
            "column": 15
          }
        },
        "type": "if",
        "locations": [
          {
            "start": {
              "line": 394,
              "column": 6
            },
            "end": {
              "line": 395,
              "column": 15
            }
          },
          {
            "start": {},
            "end": {}
          }
        ],
        "line": 394
      },
      "13": {
        "loc": {
          "start": {
            "line": 397,
            "column": 6
          },
          "end": {
            "line": 398,
            "column": 54
          }
        },
        "type": "if",
        "locations": [
          {
            "start": {
              "line": 397,
              "column": 6
            },
            "end": {
              "line": 398,
              "column": 54
            }
          },
          {
            "start": {},
            "end": {}
          }
        ],
        "line": 397
      }
    },
    "s": {
      "0": 3,
      "1": 3,
      "2": 3,
      "3": 0,
      "4": 3,
      "5": 3,
      "6": 3,
      "7": 45,
      "8": 3,
      "9": 3,
      "10": 3,
      "11": 3,
      "12": 3,
      "13": 3,
      "14": 3,
      "15": 3,
      "16": 3,
      "17": 3,
      "18": 3,
      "19": 3,
      "20": 3,
      "21": 3,
      "22": 3,
      "23": 3,
      "24": 3,
      "25": 3,
      "26": 3,
      "27": 3,
      "28": 3,
      "29": 3,
      "30": 3,
      "31": 3,
      "32": 3,
      "33": 3,
      "34": 3,
      "35": 3,
      "36": 3,
      "37": 3,
      "38": 3,
      "39": 16,
      "40": 16,
      "41": 16,
      "42": 16,
      "43": 16,
      "44": 16,
      "45": 16,
      "46": 16,
      "47": 16,
      "48": 5,
      "49": 5,
      "50": 5,
      "51": 3,
      "52": 2,
      "53": 5,
      "54": 2,
      "55": 0,
      "56": 0,
      "57": 0,
      "58": 0,
      "59": 0,
      "60": 0,
      "61": 0,
      "62": 0,
      "63": 0,
      "64": 2,
      "65": 0,
      "66": 0,
      "67": 0,
      "68": 0,
      "69": 0,
      "70": 0,
      "71": 0,
      "72": 0,
      "73": 0,
      "74": 3,
      "75": 3,
      "76": 16,
      "77": 16,
      "78": 2,
      "79": 16,
      "80": 3,
      "81": 3,
      "82": 3,
      "83": 3,
      "84": 3,
      "85": 3,
      "86": 3,
      "87": 3,
      "88": 3,
      "89": 3,
      "90": 3,
      "91": 3,
      "92": 3,
      "93": 3,
      "94": 3,
      "95": 3,
      "96": 3,
      "97": 3,
      "98": 3,
      "99": 3,
      "100": 3,
      "101": 3,
      "102": 3,
      "103": 3,
      "104": 3,
      "105": 3,
      "106": 3,
      "107": 0,
      "108": 0,
      "109": 0,
      "110": 0,
      "111": 0
    },
    "f": {
      "0": 45,
      "1": 16,
      "2": 5,
      "3": 5,
      "4": 2,
      "5": 0,
      "6": 0,
      "7": 0,
      "8": 3,
      "9": 2,
      "10": 3,
      "11": 3,
      "12": 3,
      "13": 3,
      "14": 3,
      "15": 0
    },
    "b": {
      "0": [
        3,
        0
      ],
      "1": [
        3,
        0
      ],
      "2": [
        3,
        3
      ],
      "3": [
        0,
        3
      ],
      "4": [
        0,
        2
      ],
      "5": [
        0,
        0
      ],
      "6": [
        0,
        0
      ],
      "7": [
        0,
        0
      ],
      "8": [
        16,
        3
      ],
      "9": [
        16,
        2
      ],
      "10": [
        3,
        0
      ],
      "11": [
        3,
        3
      ],
      "12": [
        0,
        0
      ],
      "13": [
        0,
        0
      ]
    },
    "inputSourceMap": {
      "version": 3,
      "mappings": "AA0QQ;;;;;;;;;;;;;;;;;AA1QR,OAAOA,YAAY;AACnB,SAASC,gBAAgB;AACzB,SAASC,YAAYC,WAAWC,gBAAgB;AAChD,SAASC,iBAAiB;AAC1B,SAASC,eAAe;AAExB,SAAuBC,uBAAuB;AAC9C,SAASC,gBAAgB;AAEzB,MAAMC,YAAYT,OAAOU;AAAAA;AAAAA;AAAAA;AAAAA;AAAAA;AAAAA;AAMxBC,KANKF;AAQN,MAAMG,gBAAgBZ,OAAOU;AAAAA;AAAAA;AAAAA;AAAAA;AAAAA;AAAAA;AAAAA;AAAAA;AAAAA;AAAAA;AAAAA;AAAAA;AAAAA;AAa5BG,MAbKD;AAeN,MAAME,mBAAmBd,OAAOU;AAAAA;AAAAA;AAAAA;AAAAA;AAAAA;AAAAA;AAAAA;AAAAA;AAAAA;AAAAA;AAAAA;AAAAA;AAY/BK,MAZKD;AAcN,MAAME,gBAAgBhB,OAAOU;AAAAA;AAAAA;AAAAA;AAAAA;AAAAA;AAAAA;AAAAA;AAAAA;AAAAA;AAAAA;AAAAA;AAW5BO,MAXKD;AAaN,MAAME,gBAAgBlB,OAAOU;AAAAA;AAAAA;AAAAA;AAAAA;AAI5BS,MAJKD;AAMN,MAAME,eAAepB,OAAOqB;AAAAA;AAAAA;AAAAA;AAAAA;AAAAA;AAAAA;AAAAA;AAAAA;AAAAA;AAAAA;AAAAA;AAW3BC,MAXKF;AAaN,MAAMG,eAAevB,OAAOwB;AAAAA;AAAAA;AAE3BC,MAFKF;AAIN,MAAMG,cAAc1B,OAAOwB;AAAAA;AAAAA;AAAAA;AAAAA;AAAAA;AAAAA;AAAAA;AAAAA;AAAAA;AAAAA;AAU1BG,MAVKD;AAYN,MAAME,aAAa5B,OAAOwB;AAAAA;AAAAA;AAAAA;AAAAA;AAAAA;AAAAA;AAMzBK,MANKD;AAQN,MAAME,oBAAoB9B,OAAOU;AAAAA;AAAAA;AAAAA;AAAAA;AAIhCqB,OAJKD;AAMN,MAAME,cAAchC,OAAOwB;AAAAA;AAAAA;AAAAA;AAG1BS,OAHKD;AAKN,MAAME,aAAalC,OAAOmC;AAAAA;AAAAA;AAAAA;AAAAA;AAAAA;AAAAA;AAAAA;AAAAA;AAAAA;AAAAA;AAAAA;AAAAA;AAYzBC,OAZKF;AAcN,MAAMG,cAAcrC,OAAOwB;AAAAA;AAAAA;AAE1Bc,OAFKD;AAIN,MAAME,gBAAgBvC,OAAOM,OAAO;AAAA;AAAA;AAAA;AAGnCkC,OAHKD;AAoBC,aAAME,gBAAgBA,MAAM;AAAAC,KAAA;AACjC,QAAM;AAAA,IAAEC;AAAAA,EAAgB,IAAI1C,SAAS;AACrC,QAAM;AAAA,IAAE2C;AAAAA,EAAG,IAAIvC,UAAU;AACzB,QAAM;AAAA,IAAEwC;AAAAA,IAAaC;AAAAA,IAAaC;AAAAA,EAAe,IAAI7C,WAAWK,eAAe;AAE/E,QAAM,CAACyC,cAAcC,eAAe,IAAI7C,SAAS,KAAK;AACtD,QAAM,CAAC8C,cAAcC,eAAe,IAAI/C,SAAS,aAAa;AAC9D,QAAM,CAACgD,aAAaC,cAAc,IAAIjD,SAAS,KAAK;AACpD,QAAM,CAACkD,SAASC,UAAU,IAAInD,SAAuB;AAAA,IACnDoD,MAAM;AAAA,IACNC,OAAO;AAAA,IACPC,OAAO;AAAA,IACPC,QAAQ;AAAA,IACRC,KAAK;AAAA,IACLC,UAAU;AAAA,IACVC,YAAY;AAAA,IACZC,YAAY;AAAA,IACZnB,IAAI;AAAA,EACN,CAAC;AAEDzC,YAAU,MAAM;AACd,mBAAe6D,eAAe;AAC5B,UAAI;AACF,cAAMC,MAAM,MAAMC,MAAO,sCAAqCtB,EAAG,EAAC;AAElE,cAAMuB,OAAO,MAAMF,IAAIG,KAAK;AAE5Bb,mBAAWY,IAAI;AAAA,MACjB,SAASE,OAAO;AACdC,gBAAQD,MAAMA,KAAK;AAAA,MACrB;AAAA,IACF;AAEAL,iBAAa;AAAA,EACf,GAAG,EAAE;AAEL,WAASO,YAAY;AACnB,QAAI5B,iBAAiB;AACnB,UAAI6B,eAAe;AAEnB,YAAMC,UAAU5B,aAAa6B,UAAUC,IAAKC,UAAS;AAEnD,YAAIA,KAAKhB,QAAQA,OAAOgB,KAAKC,SAAS3B,cAAc;AAClDsB;AAEA,iBAAO;AAAA,YACL,GAAGI;AAAAA,YACHE,UAAW,GAAEC,SAASH,KAAKE,QAAQ,IAAI,CAAE;AAAA,UAC3C;AAAA,QACF,OAAO;AACL,iBAAOF;AAAAA,QACT;AAAA,MACF,CAAC;AAED,UAAIJ,iBAAiB,GAAG;AACtBC,iBAASO,KAAK;AAAA,UACZpB;AAAAA,UACAJ;AAAAA,UACAqB,MAAM3B;AAAAA,UACNO;AAAAA,UACAqB,UAAU;AAAA,QACZ,CAAC;AAAA,MACH;AAEAG,oBAAcR,OAAO;AAAA,IAEvB,OAAO;AACLpB,qBAAe,IAAI;AAAA,IACrB;AAAA,EACF;AAEA,iBAAe4B,cAAcR,SAAqC;AAEhE,QAAI;AACF,YAAMP,MAAO,mCAAkCpB,aAAaF,EAAG,IAAG;AAAA,QAChEsC,QAAQ;AAAA,QACRC,SAAS;AAAA,UACP,gBAAgB;AAAA,QAClB;AAAA,QACAC,MAAMC,KAAKC,UAAU;AAAA,UACnBZ,UAAUD;AAAAA,QACZ,CAAC;AAAA,MACH,CAAC;AAEDc,gBAAU;AAAA,IAEZ,SAASlB,OAAO;AACdC,cAAQD,MAAMA,KAAK;AAAA,IACrB;AAAA,EACF;AAEA,iBAAekB,YAAY;AACzB,QAAI;AACF,YAAMtB,MAAM,MAAMC,MAAO,mCAAkCpB,aAAaF,EAAG,EAAC;AAE5E,YAAM4C,OAAO,MAAMvB,IAAIG,KAAK;AAE5BrB,qBAAeyC,KAAKC,KAAK,CAAC,CAAC;AAAA,IAE7B,SAASpB,OAAO;AACdC,cAAQD,MAAMA,KAAK;AAAA,IACrB;AAAA,EACF;AAEA,WAASqB,WAAWC,OAAY;AAC9BxC,oBAAgBwC,MAAMC,OAAOhD,EAAE;AAC/BK,oBAAgB,KAAK;AAAA,EACvB;AAEA,QAAM;AAAA,IAAEO;AAAAA,IAAMC;AAAAA,IAAOE;AAAAA,IAAQC;AAAAA,IAAKF;AAAAA,IAAOG;AAAAA,EAAS,IAAIP;AAEtD,QAAMuC,mBAAmBA,MAAM;AAC7B,WACE,uBAAC,eAAY;AAAA;AAAA,MAEX,uBAAC,iBAAc,IAAG,YAAW,oCAA7B;AAAA;AAAA;AAAA;AAAA,aAAiD;AAAA,SAFnD;AAAA;AAAA;AAAA;AAAA,WAGA;AAAA,EAEJ;AAEA,SACE,uBAAC,aACC;AAAA,2BAAC,iBACC;AAAA,6BAAC,iBAAc,IAAG,KAAI,oBAAtB;AAAA;AAAA;AAAA;AAAA,aAA0B;AAAA,MAAgB;AAAA,MAE1C,uBAAC,iBAAc,IAAG,aAAY,wBAA9B;AAAA;AAAA;AAAA;AAAA,aAAsC;AAAA,MAAgB;AAAA,MAEtD,uBAAC,iBAAc,IAAK,GAAEC,OAAOC,SAASC,QAAS,IAAIpC,iBAAnD;AAAA;AAAA;AAAA;AAAA,aAAuD;AAAA,SALzD;AAAA;AAAA;AAAA;AAAA,WAMA;AAAA,IACA,uBAAC,oBACC;AAAA,6BAAC,gBAAa,KAAKD,UAAnB;AAAA;AAAA;AAAA;AAAA,aAA0B;AAAA,MAC1B,uBAAC,iBACC;AAAA,+BAAC,iBACC;AAAA,iCAAC,eAAaH,kBAAd;AAAA;AAAA;AAAA;AAAA,iBAAmB;AAAA,UACnB,uBAAC,cAAYI,iBAAb;AAAA;AAAA;AAAA;AAAA,iBAAiB;AAAA,UACjB,uBAAC,gBAAa;AAAA;AAAA,YAAEH;AAAAA,YAAM;AAAA,eAAtB;AAAA;AAAA;AAAA;AAAA,iBAAyB;AAAA,aAH3B;AAAA;AAAA;AAAA;AAAA,eAIA;AAAA,QACA,uBAAC,qBACC;AAAA,iCAAC,eAAY,SAAS,MAAMR,gBAAgBgD,UAAQ,CAACA,IAAI,GAAG,WAAQ,gBAAiB/C,0BAArF;AAAA;AAAA;AAAA;AAAA,iBAAkG;AAAA,UACjGF,gBAAgB,uBAAC,YAAS,YAAY,OAAOkD,MAAMR,WAAWQ,CAAC,GAAG,OAAc,MAAMrC,YAAtE;AAAA;AAAA;AAAA;AAAA,iBAA+E;AAAA,aAFlG;AAAA;AAAA;AAAA;AAAA,eAGA;AAAA,QACA,uBAAC,cAAW,SAASU,WAAW,WAAQ,YAAW,2BAAnD;AAAA;AAAA;AAAA;AAAA,eAA8D;AAAA,QAC7DnB,eAAe,uBAAC,sBAAD;AAAA;AAAA;AAAA;AAAA,eAAiB;AAAA,WAXnC;AAAA;AAAA;AAAA;AAAA,aAYA;AAAA,SAdF;AAAA;AAAA;AAAA;AAAA,WAeA;AAAA,OAvBF;AAAA;AAAA;AAAA;AAAA,SAwBA;AAEJ;AAACV,GAnJYD,eAAa;AAAA,UACIxC,UACbI,SAAS;AAAA;AAAA8F,OAFb1D;AAAa,IAAA9B,IAAAE,KAAAE,KAAAE,KAAAE,KAAAG,KAAAG,KAAAE,KAAAE,KAAAE,MAAAE,MAAAG,MAAAE,MAAAE,MAAA2D;AAAAC,aAAAzF,IAAA;AAAAyF,aAAAvF,KAAA;AAAAuF,aAAArF,KAAA;AAAAqF,aAAAnF,KAAA;AAAAmF,aAAAjF,KAAA;AAAAiF,aAAA9E,KAAA;AAAA8E,aAAA3E,KAAA;AAAA2E,aAAAzE,KAAA;AAAAyE,aAAAvE,KAAA;AAAAuE,aAAArE,MAAA;AAAAqE,aAAAnE,MAAA;AAAAmE,aAAAhE,MAAA;AAAAgE,aAAA9D,MAAA;AAAA8D,aAAA5D,MAAA;AAAA4D,aAAAD,MAAA",
      "names": [
        "styled",
        "useAuth0",
        "useContext",
        "useEffect",
        "useState",
        "useParams",
        "NavLink",
        "UserDataContext",
        "SizeList",
        "Container",
        "div",
        "_c",
        "PathContainer",
        "_c2",
        "ContentContainer",
        "_c3",
        "InfoContainer",
        "_c4",
        "TextContainer",
        "_c5",
        "ProductImage",
        "img",
        "_c6",
        "ProductPrice",
        "p",
        "_c7",
        "ProductName",
        "_c8",
        "ProductSku",
        "_c9",
        "DropdownContainer",
        "_c10",
        "SizeDisplay",
        "_c11",
        "CartButton",
        "button",
        "_c12",
        "WarningText",
        "_c13",
        "StyledNavLink",
        "_c14",
        "ProductDetail",
        "_s",
        "isAuthenticated",
        "id",
        "currentCart",
        "currentUser",
        "setCurrentCart",
        "sizeListOpen",
        "setSizeListOpen",
        "selectedSize",
        "setSelectedSize",
        "showMessage",
        "setShowMessage",
        "product",
        "setProduct",
        "name",
        "price",
        "sizes",
        "images",
        "sku",
        "category",
        "created_on",
        "updated_on",
        "fetchProduct",
        "res",
        "fetch",
        "data",
        "json",
        "error",
        "console",
        "addToCart",
        "itemsUpdated",
        "newCart",
        "products",
        "map",
        "shoe",
        "size",
        "quantity",
        "parseInt",
        "push",
        "updateNewCart",
        "method",
        "headers",
        "body",
        "JSON",
        "stringify",
        "fetchCart",
        "cart",
        "rows",
        "changeSize",
        "event",
        "target",
        "UserLoginMessage",
        "window",
        "location",
        "pathname",
        "prev",
        "e",
        "_c15",
        "$RefreshReg$"
      ],
      "sources": [
        "D:/dev/sneaker-ecommerce-site/client/src/pages/Product/ProductDetail.tsx"
      ],
      "file": "D:/dev/sneaker-ecommerce-site/client/src/pages/Product/ProductDetail.tsx"
    },
    "_coverageSchema": "1a1c01bbd47fc00a2c39e90264f33305004495a9",
    "hash": "81ccf92055124a5e2260ac3ce04c351291468339"
  },
  "D:/dev/sneaker-ecommerce-site/client/src/GlobalStyles.tsx": {
    "path": "D:/dev/sneaker-ecommerce-site/client/src/GlobalStyles.tsx",
    "statementMap": {
      "0": {
        "start": {
          "line": 2,
          "column": 15
        },
        "end": {
          "line": 27,
          "column": 1
        }
      }
    },
    "fnMap": {},
    "branchMap": {},
    "s": {
      "0": 3
    },
    "f": {},
    "b": {},
    "inputSourceMap": {
      "version": 3,
      "mappings": "AAAA,SAASA,yBAAyB;AAElC,MAAMC,SAASD;AAAAA;AAAAA;AAAAA;AAAAA;AAAAA;AAAAA;AAAAA;AAAAA;AAAAA;AAAAA;AAAAA;AAAAA;AAAAA;AAAAA;AAAAA;AAAAA;AAAAA;AAAAA;AAAAA;AAAAA;AAAAA;AAAAA;AAAAA;AAAAA;AAAAA;AA2Bf,eAAeC",
      "names": [
        "createGlobalStyle",
        "Global"
      ],
      "sources": [
        "D:/dev/sneaker-ecommerce-site/client/src/GlobalStyles.tsx"
      ],
      "file": "D:/dev/sneaker-ecommerce-site/client/src/GlobalStyles.tsx"
    },
    "_coverageSchema": "1a1c01bbd47fc00a2c39e90264f33305004495a9",
    "hash": "b5f49fbe669972973838b8b7e22929f3365529ba"
  },
  "D:/dev/sneaker-ecommerce-site/client/src/App.tsx": {
    "path": "D:/dev/sneaker-ecommerce-site/client/src/App.tsx",
    "statementMap": {},
    "fnMap": {},
    "branchMap": {},
    "s": {},
    "f": {},
    "b": {}
  },
  "D:/dev/sneaker-ecommerce-site/client/src/main.tsx": {
    "path": "D:/dev/sneaker-ecommerce-site/client/src/main.tsx",
    "statementMap": {},
    "fnMap": {},
    "branchMap": {},
    "s": {},
    "f": {},
    "b": {}
  },
  "D:/dev/sneaker-ecommerce-site/client/src/pages/Checkout.tsx": {
    "path": "D:/dev/sneaker-ecommerce-site/client/src/pages/Checkout.tsx",
    "statementMap": {},
    "fnMap": {},
    "branchMap": {},
    "s": {},
    "f": {},
    "b": {}
  },
  "D:/dev/sneaker-ecommerce-site/client/src/pages/Contact.tsx": {
    "path": "D:/dev/sneaker-ecommerce-site/client/src/pages/Contact.tsx",
    "statementMap": {},
    "fnMap": {},
    "branchMap": {},
    "s": {},
    "f": {},
    "b": {}
  },
  "D:/dev/sneaker-ecommerce-site/client/src/pages/Home.tsx": {
    "path": "D:/dev/sneaker-ecommerce-site/client/src/pages/Home.tsx",
    "statementMap": {},
    "fnMap": {},
    "branchMap": {},
    "s": {},
    "f": {},
    "b": {}
  },
  "D:/dev/sneaker-ecommerce-site/client/src/components/Checkout/Completion.tsx": {
    "path": "D:/dev/sneaker-ecommerce-site/client/src/components/Checkout/Completion.tsx",
    "statementMap": {},
    "fnMap": {},
    "branchMap": {},
    "s": {},
    "f": {},
    "b": {}
  },
  "D:/dev/sneaker-ecommerce-site/client/src/components/Checkout/PaymentForm.tsx": {
    "path": "D:/dev/sneaker-ecommerce-site/client/src/components/Checkout/PaymentForm.tsx",
    "statementMap": {},
    "fnMap": {},
    "branchMap": {},
    "s": {},
    "f": {},
    "b": {}
  },
  "D:/dev/sneaker-ecommerce-site/client/src/components/Checkout/ShippingForm.tsx": {
    "path": "D:/dev/sneaker-ecommerce-site/client/src/components/Checkout/ShippingForm.tsx",
    "statementMap": {},
    "fnMap": {},
    "branchMap": {},
    "s": {},
    "f": {},
    "b": {}
  },
  "D:/dev/sneaker-ecommerce-site/client/src/components/EmptyFeed/EmptyFeed.tsx": {
    "path": "D:/dev/sneaker-ecommerce-site/client/src/components/EmptyFeed/EmptyFeed.tsx",
    "statementMap": {},
    "fnMap": {},
    "branchMap": {},
    "s": {},
    "f": {},
    "b": {}
  },
  "D:/dev/sneaker-ecommerce-site/client/src/components/Layout/ProductsLayout.tsx": {
    "path": "D:/dev/sneaker-ecommerce-site/client/src/components/Layout/ProductsLayout.tsx",
    "statementMap": {},
    "fnMap": {},
    "branchMap": {},
    "s": {},
    "f": {},
    "b": {}
  },
  "D:/dev/sneaker-ecommerce-site/client/src/components/LoginButton/LoginButton.tsx": {
    "path": "D:/dev/sneaker-ecommerce-site/client/src/components/LoginButton/LoginButton.tsx",
    "statementMap": {},
    "fnMap": {},
    "branchMap": {},
    "s": {},
    "f": {},
    "b": {}
  },
  "D:/dev/sneaker-ecommerce-site/client/src/components/LogoutButton/LogoutButton.tsx": {
    "path": "D:/dev/sneaker-ecommerce-site/client/src/components/LogoutButton/LogoutButton.tsx",
    "statementMap": {},
    "fnMap": {},
    "branchMap": {},
    "s": {},
    "f": {},
    "b": {}
  },
  "D:/dev/sneaker-ecommerce-site/client/src/components/Pagination/Pagination.tsx": {
    "path": "D:/dev/sneaker-ecommerce-site/client/src/components/Pagination/Pagination.tsx",
    "statementMap": {},
    "fnMap": {},
    "branchMap": {},
    "s": {},
    "f": {},
    "b": {}
  },
  "D:/dev/sneaker-ecommerce-site/client/src/components/Products/Card.tsx": {
    "path": "D:/dev/sneaker-ecommerce-site/client/src/components/Products/Card.tsx",
    "statementMap": {},
    "fnMap": {},
    "branchMap": {},
    "s": {},
    "f": {},
    "b": {}
  },
  "D:/dev/sneaker-ecommerce-site/client/src/components/Products/CardSection.tsx": {
    "path": "D:/dev/sneaker-ecommerce-site/client/src/components/Products/CardSection.tsx",
    "statementMap": {},
    "fnMap": {},
    "branchMap": {},
    "s": {},
    "f": {},
    "b": {}
  },
  "D:/dev/sneaker-ecommerce-site/client/src/pages/Cart/Cart.tsx": {
    "path": "D:/dev/sneaker-ecommerce-site/client/src/pages/Cart/Cart.tsx",
    "statementMap": {},
    "fnMap": {},
    "branchMap": {},
    "s": {},
    "f": {},
    "b": {}
  },
  "D:/dev/sneaker-ecommerce-site/client/src/pages/Product/Products.tsx": {
    "path": "D:/dev/sneaker-ecommerce-site/client/src/pages/Product/Products.tsx",
    "statementMap": {},
    "fnMap": {},
    "branchMap": {},
    "s": {},
    "f": {},
    "b": {}
  },
  "D:/dev/sneaker-ecommerce-site/client/src/pages/Profile/LoginPage.tsx": {
    "path": "D:/dev/sneaker-ecommerce-site/client/src/pages/Profile/LoginPage.tsx",
    "statementMap": {},
    "fnMap": {},
    "branchMap": {},
    "s": {},
    "f": {},
    "b": {}
  },
  "D:/dev/sneaker-ecommerce-site/client/src/pages/Profile/Profile.tsx": {
    "path": "D:/dev/sneaker-ecommerce-site/client/src/pages/Profile/Profile.tsx",
    "statementMap": {},
    "fnMap": {},
    "branchMap": {},
    "s": {},
    "f": {},
    "b": {}
  }
}
