{"D:/dev/sneaker-ecommerce-site/client/src/App.tsx": {"path":"D:/dev/sneaker-ecommerce-site/client/src/App.tsx","statementMap":{},"fnMap":{},"branchMap":{},"s":{},"f":{},"b":{}}
,"D:\\dev\\sneaker-ecommerce-site\\client\\src\\GlobalStyles.tsx": {"path":"D:\\dev\\sneaker-ecommerce-site\\client\\src\\GlobalStyles.tsx","statementMap":{"0":{"start":{"line":3,"column":15},"end":{"line":3,"column":null}}},"fnMap":{},"branchMap":{},"s":{"0":8},"f":{},"b":{},"all":true}
,"D:/dev/sneaker-ecommerce-site/client/src/main.tsx": {"path":"D:/dev/sneaker-ecommerce-site/client/src/main.tsx","statementMap":{},"fnMap":{},"branchMap":{},"s":{},"f":{},"b":{}}
,"D:/dev/sneaker-ecommerce-site/client/src/components/Filter/Filter.tsx": {"path":"D:/dev/sneaker-ecommerce-site/client/src/components/Filter/Filter.tsx","statementMap":{},"fnMap":{},"branchMap":{},"s":{},"f":{},"b":{}}
,"D:/dev/sneaker-ecommerce-site/client/src/components/Footer/Footer.tsx": {"path":"D:/dev/sneaker-ecommerce-site/client/src/components/Footer/Footer.tsx","statementMap":{},"fnMap":{},"branchMap":{},"s":{},"f":{},"b":{}}
,"D:/dev/sneaker-ecommerce-site/client/src/components/Header/Header.tsx": {"path":"D:/dev/sneaker-ecommerce-site/client/src/components/Header/Header.tsx","statementMap":{},"fnMap":{},"branchMap":{},"s":{},"f":{},"b":{}}
,"D:/dev/sneaker-ecommerce-site/client/src/components/Layout/Layout.tsx": {"path":"D:/dev/sneaker-ecommerce-site/client/src/components/Layout/Layout.tsx","statementMap":{},"fnMap":{},"branchMap":{},"s":{},"f":{},"b":{}}
,"D:/dev/sneaker-ecommerce-site/client/src/components/Layout/ProductsLayout.tsx": {"path":"D:/dev/sneaker-ecommerce-site/client/src/components/Layout/ProductsLayout.tsx","statementMap":{"0":{"start":{"line":6,"column":32},"end":{"line":6,"column":null}},"1":{"start":{"line":8,"column":1},"end":{"line":6,"column":32}},"2":{"start":{"line":10,"column":15},"end":{"line":10,"column":null}},"3":{"start":{"line":13,"column":1},"end":{"line":10,"column":15}},"4":{"start":{"line":15,"column":21},"end":{"line":15,"column":null}},"5":{"start":{"line":29,"column":3},"end":{"line":15,"column":21}},"6":{"start":{"line":31,"column":26},"end":{"line":31,"column":null}},"7":{"start":{"line":38,"column":1},"end":{"line":31,"column":26}},"8":{"start":{"line":40,"column":21},"end":{"line":40,"column":null}},"9":{"start":{"line":44,"column":1},"end":{"line":40,"column":21}},"10":{"start":{"line":65,"column":21},"end":{"line":68,"column":null}},"11":{"start":{"line":70,"column":31},"end":{"line":70,"column":null}},"12":{"start":{"line":72,"column":34},"end":{"line":185,"column":1}},"13":{"start":{"line":72,"column":40},"end":{"line":72,"column":null}},"14":{"start":{"line":73,"column":34},"end":{"line":73,"column":null}},"15":{"start":{"line":74,"column":34},"end":{"line":74,"column":null}},"16":{"start":{"line":75,"column":25},"end":{"line":75,"column":null}},"17":{"start":{"line":76,"column":40},"end":{"line":76,"column":null}},"18":{"start":{"line":78,"column":42},"end":{"line":78,"column":null}},"19":{"start":{"line":80,"column":2},"end":{"line":83,"column":null}},"20":{"start":{"line":82,"column":4},"end":{"line":82,"column":null}},"21":{"start":{"line":86,"column":16},"end":{"line":86,"column":null}},"22":{"start":{"line":87,"column":16},"end":{"line":87,"column":null}},"23":{"start":{"line":92,"column":23},"end":{"line":94,"column":null}},"24":{"start":{"line":93,"column":4},"end":{"line":93,"column":null}},"25":{"start":{"line":96,"column":2},"end":{"line":111,"column":null}},"26":{"start":{"line":98,"column":6},"end":{"line":107,"column":null}},"27":{"start":{"line":100,"column":20},"end":{"line":100,"column":null}},"28":{"start":{"line":102,"column":21},"end":{"line":102,"column":null}},"29":{"start":{"line":104,"column":8},"end":{"line":104,"column":null}},"30":{"start":{"line":106,"column":8},"end":{"line":106,"column":null}},"31":{"start":{"line":110,"column":4},"end":{"line":110,"column":null}},"32":{"start":{"line":116,"column":4},"end":{"line":140,"column":null}},"33":{"start":{"line":117,"column":6},"end":{"line":117,"column":null}},"34":{"start":{"line":118,"column":6},"end":{"line":121,"column":null}},"35":{"start":{"line":120,"column":8},"end":{"line":120,"column":null}},"36":{"start":{"line":122,"column":4},"end":{"line":140,"column":null}},"37":{"start":{"line":123,"column":6},"end":{"line":123,"column":null}},"38":{"start":{"line":124,"column":6},"end":{"line":127,"column":null}},"39":{"start":{"line":126,"column":8},"end":{"line":126,"column":null}},"40":{"start":{"line":128,"column":4},"end":{"line":140,"column":null}},"41":{"start":{"line":129,"column":6},"end":{"line":129,"column":null}},"42":{"start":{"line":130,"column":6},"end":{"line":133,"column":null}},"43":{"start":{"line":132,"column":8},"end":{"line":132,"column":null}},"44":{"start":{"line":134,"column":4},"end":{"line":140,"column":null}},"45":{"start":{"line":135,"column":6},"end":{"line":135,"column":null}},"46":{"start":{"line":136,"column":6},"end":{"line":139,"column":null}},"47":{"start":{"line":138,"column":8},"end":{"line":138,"column":null}},"48":{"start":{"line":142,"column":4},"end":{"line":142,"column":null}},"49":{"start":{"line":142,"column":23},"end":{"line":142,"column":29}},"50":{"start":{"line":145,"column":2},"end":{"line":183,"column":null}},"51":{"start":{"line":148,"column":35},"end":{"line":148,"column":63}},"52":{"start":{"line":148,"column":55},"end":{"line":148,"column":60}},"53":{"start":{"line":151,"column":27},"end":{"line":151,"column":null}},"54":{"start":{"line":158,"column":27},"end":{"line":158,"column":null}},"55":{"start":{"line":165,"column":27},"end":{"line":165,"column":null}},"56":{"start":{"line":172,"column":27},"end":{"line":172,"column":null}},"57":{"start":{"line":185,"column":1},"end":{"line":78,"column":58}},"58":{"start":{"line":72,"column":31},"end":{"line":78,"column":58}},"59":{"start":{"line":78,"column":57},"end":{"line":72,"column":31}},"60":{"start":{"line":72,"column":31},"end":{"line":72,"column":34}}},"fnMap":{"0":{"name":"(anonymous_1)","decl":{"start":{"line":67,"column":14},"end":{"line":67,"column":20}},"loc":{"start":{"line":67,"column":20},"end":{"line":67,"column":null}}},"1":{"name":"(anonymous_2)","decl":{"start":{"line":72,"column":34},"end":{"line":72,"column":40}},"loc":{"start":{"line":72,"column":40},"end":{"line":185,"column":1}}},"2":{"name":"(anonymous_3)","decl":{"start":{"line":92,"column":47},"end":{"line":92,"column":56}},"loc":{"start":{"line":92,"column":56},"end":{"line":94,"column":3}}},"3":{"name":"(anonymous_4)","decl":{"start":{"line":96,"column":12},"end":{"line":96,"column":18}},"loc":{"start":{"line":96,"column":18},"end":{"line":111,"column":5}}},"4":{"name":"fetchData","decl":{"start":{"line":97,"column":19},"end":{"line":97,"column":31}},"loc":{"start":{"line":97,"column":31},"end":{"line":108,"column":null}}},"5":{"name":"sortData","decl":{"start":{"line":113,"column":11},"end":{"line":113,"column":20}},"loc":{"start":{"line":113,"column":36},"end":{"line":143,"column":null}}},"6":{"name":"(anonymous_7)","decl":{"start":{"line":118,"column":24},"end":{"line":118,"column":25}},"loc":{"start":{"line":118,"column":52},"end":{"line":121,"column":7}}},"7":{"name":"(anonymous_8)","decl":{"start":{"line":124,"column":24},"end":{"line":124,"column":25}},"loc":{"start":{"line":124,"column":52},"end":{"line":127,"column":7}}},"8":{"name":"(anonymous_9)","decl":{"start":{"line":130,"column":24},"end":{"line":130,"column":25}},"loc":{"start":{"line":130,"column":52},"end":{"line":133,"column":7}}},"9":{"name":"(anonymous_10)","decl":{"start":{"line":136,"column":24},"end":{"line":136,"column":25}},"loc":{"start":{"line":136,"column":52},"end":{"line":139,"column":7}}},"10":{"name":"(anonymous_11)","decl":{"start":{"line":142,"column":15},"end":{"line":142,"column":23}},"loc":{"start":{"line":142,"column":23},"end":{"line":142,"column":29}}},"11":{"name":"(anonymous_12)","decl":{"start":{"line":148,"column":29},"end":{"line":148,"column":35}},"loc":{"start":{"line":148,"column":35},"end":{"line":148,"column":63}}},"12":{"name":"(anonymous_13)","decl":{"start":{"line":148,"column":47},"end":{"line":148,"column":55}},"loc":{"start":{"line":148,"column":55},"end":{"line":148,"column":60}}},"13":{"name":"(anonymous_14)","decl":{"start":{"line":151,"column":21},"end":{"line":151,"column":27}},"loc":{"start":{"line":151,"column":27},"end":{"line":151,"column":null}}},"14":{"name":"(anonymous_15)","decl":{"start":{"line":158,"column":21},"end":{"line":158,"column":27}},"loc":{"start":{"line":158,"column":27},"end":{"line":158,"column":null}}},"15":{"name":"(anonymous_16)","decl":{"start":{"line":165,"column":21},"end":{"line":165,"column":27}},"loc":{"start":{"line":165,"column":27},"end":{"line":165,"column":null}}},"16":{"name":"(anonymous_17)","decl":{"start":{"line":172,"column":21},"end":{"line":172,"column":27}},"loc":{"start":{"line":172,"column":27},"end":{"line":172,"column":null}}},"17":{"name":"(anonymous_18)","decl":{"start":{"line":72,"column":31},"end":{"line":72,"column":34}},"loc":{"start":{"line":72,"column":31},"end":{"line":78,"column":58}}}},"branchMap":{"0":{"loc":{"start":{"line":80,"column":2},"end":{"line":83,"column":null}},"type":"if","locations":[{"start":{"line":80,"column":2},"end":{"line":83,"column":null}}]},"1":{"loc":{"start":{"line":116,"column":4},"end":{"line":140,"column":null}},"type":"if","locations":[{"start":{"line":116,"column":4},"end":{"line":140,"column":null}},{"start":{"line":122,"column":4},"end":{"line":140,"column":null}}]},"2":{"loc":{"start":{"line":122,"column":4},"end":{"line":140,"column":null}},"type":"if","locations":[{"start":{"line":122,"column":4},"end":{"line":140,"column":null}},{"start":{"line":128,"column":4},"end":{"line":140,"column":null}}]},"3":{"loc":{"start":{"line":128,"column":4},"end":{"line":140,"column":null}},"type":"if","locations":[{"start":{"line":128,"column":4},"end":{"line":140,"column":null}},{"start":{"line":134,"column":4},"end":{"line":140,"column":null}}]},"4":{"loc":{"start":{"line":134,"column":4},"end":{"line":140,"column":null}},"type":"if","locations":[{"start":{"line":134,"column":4},"end":{"line":140,"column":null}}]},"5":{"loc":{"start":{"line":147,"column":32},"end":{"line":147,"column":116}},"type":"cond-expr","locations":[{"start":{"line":147,"column":41},"end":{"line":147,"column":55}},{"start":{"line":147,"column":55},"end":{"line":147,"column":116}}]},"6":{"loc":{"start":{"line":147,"column":55},"end":{"line":147,"column":116}},"type":"cond-expr","locations":[{"start":{"line":147,"column":64},"end":{"line":147,"column":101}},{"start":{"line":147,"column":101},"end":{"line":147,"column":116}}]},"7":{"loc":{"start":{"line":149,"column":48},"end":{"line":149,"column":76}},"type":"cond-expr","locations":[{"start":{"line":149,"column":59},"end":{"line":149,"column":69}},{"start":{"line":149,"column":69},"end":{"line":149,"column":76}}]},"8":{"loc":{"start":{"line":152,"column":16},"end":{"line":152,"column":null}},"type":"cond-expr","locations":[{"start":{"line":152,"column":41},"end":{"line":152,"column":54}},{"start":{"line":152,"column":54},"end":{"line":152,"column":null}}]},"9":{"loc":{"start":{"line":159,"column":16},"end":{"line":159,"column":null}},"type":"cond-expr","locations":[{"start":{"line":159,"column":42},"end":{"line":159,"column":55}},{"start":{"line":159,"column":55},"end":{"line":159,"column":null}}]},"10":{"loc":{"start":{"line":166,"column":16},"end":{"line":166,"column":null}},"type":"cond-expr","locations":[{"start":{"line":166,"column":43},"end":{"line":166,"column":56}},{"start":{"line":166,"column":56},"end":{"line":166,"column":null}}]},"11":{"loc":{"start":{"line":173,"column":16},"end":{"line":173,"column":null}},"type":"cond-expr","locations":[{"start":{"line":173,"column":45},"end":{"line":173,"column":58}},{"start":{"line":173,"column":58},"end":{"line":173,"column":null}}]}},"s":{"0":8,"1":8,"2":8,"3":8,"4":8,"5":8,"6":8,"7":8,"8":8,"9":8,"10":8,"11":8,"12":8,"13":97,"14":97,"15":97,"16":97,"17":97,"18":97,"19":97,"20":0,"21":97,"22":97,"23":97,"24":0,"25":97,"26":35,"27":35,"28":29,"29":29,"30":0,"31":35,"32":14,"33":5,"34":5,"35":0,"36":9,"37":4,"38":4,"39":140,"40":5,"41":3,"42":3,"43":111,"44":2,"45":2,"46":2,"47":64,"48":14,"49":14,"50":97,"51":48,"52":48,"53":5,"54":4,"55":3,"56":2,"57":8,"58":8,"59":8,"60":48},"f":{"0":0,"1":97,"2":0,"3":35,"4":35,"5":14,"6":0,"7":140,"8":111,"9":64,"10":14,"11":48,"12":48,"13":5,"14":4,"15":3,"16":2,"17":8},"b":{"0":[0],"1":[5,9],"2":[4,5],"3":[3,2],"4":[2],"5":[0,97],"6":[0,97],"7":[34,63],"8":[15,82],"9":[8,89],"10":[6,91],"11":[4,93]}}
,"D:/dev/sneaker-ecommerce-site/client/src/components/LoginButton/LoginButton.tsx": {"path":"D:/dev/sneaker-ecommerce-site/client/src/components/LoginButton/LoginButton.tsx","statementMap":{},"fnMap":{},"branchMap":{},"s":{},"f":{},"b":{}}
,"D:/dev/sneaker-ecommerce-site/client/src/components/LogoutButton/LogoutButton.tsx": {"path":"D:/dev/sneaker-ecommerce-site/client/src/components/LogoutButton/LogoutButton.tsx","statementMap":{},"fnMap":{},"branchMap":{},"s":{},"f":{},"b":{}}
,"D:/dev/sneaker-ecommerce-site/client/src/components/Pagination/Pagination.tsx": {"path":"D:/dev/sneaker-ecommerce-site/client/src/components/Pagination/Pagination.tsx","statementMap":{},"fnMap":{},"branchMap":{},"s":{},"f":{},"b":{}}
,"D:/dev/sneaker-ecommerce-site/client/src/components/Products/Card.tsx": {"path":"D:/dev/sneaker-ecommerce-site/client/src/components/Products/Card.tsx","statementMap":{},"fnMap":{},"branchMap":{},"s":{},"f":{},"b":{}}
,"D:/dev/sneaker-ecommerce-site/client/src/components/Products/CardSection.tsx": {"path":"D:/dev/sneaker-ecommerce-site/client/src/components/Products/CardSection.tsx","statementMap":{},"fnMap":{},"branchMap":{},"s":{},"f":{},"b":{}}
,"D:/dev/sneaker-ecommerce-site/client/src/components/Sidebar/Sidebar.tsx": {"path":"D:/dev/sneaker-ecommerce-site/client/src/components/Sidebar/Sidebar.tsx","statementMap":{},"fnMap":{},"branchMap":{},"s":{},"f":{},"b":{}}
,"D:/dev/sneaker-ecommerce-site/client/src/pages/Contact.tsx": {"path":"D:/dev/sneaker-ecommerce-site/client/src/pages/Contact.tsx","statementMap":{},"fnMap":{},"branchMap":{},"s":{},"f":{},"b":{}}
,"D:/dev/sneaker-ecommerce-site/client/src/pages/Home.tsx": {"path":"D:/dev/sneaker-ecommerce-site/client/src/pages/Home.tsx","statementMap":{},"fnMap":{},"branchMap":{},"s":{},"f":{},"b":{}}
,"D:/dev/sneaker-ecommerce-site/client/src/pages/Cart/Cart.tsx": {"path":"D:/dev/sneaker-ecommerce-site/client/src/pages/Cart/Cart.tsx","statementMap":{},"fnMap":{},"branchMap":{},"s":{},"f":{},"b":{}}
,"D:/dev/sneaker-ecommerce-site/client/src/pages/Cart/CartCard.tsx": {"path":"D:/dev/sneaker-ecommerce-site/client/src/pages/Cart/CartCard.tsx","statementMap":{},"fnMap":{},"branchMap":{},"s":{},"f":{},"b":{}}
,"D:/dev/sneaker-ecommerce-site/client/src/pages/Product/ProductDetail.tsx": {"path":"D:/dev/sneaker-ecommerce-site/client/src/pages/Product/ProductDetail.tsx","statementMap":{},"fnMap":{},"branchMap":{},"s":{},"f":{},"b":{}}
,"D:/dev/sneaker-ecommerce-site/client/src/pages/Product/Products.tsx": {"path":"D:/dev/sneaker-ecommerce-site/client/src/pages/Product/Products.tsx","statementMap":{},"fnMap":{},"branchMap":{},"s":{},"f":{},"b":{}}
,"D:/dev/sneaker-ecommerce-site/client/src/pages/Profile/LoginPage.tsx": {"path":"D:/dev/sneaker-ecommerce-site/client/src/pages/Profile/LoginPage.tsx","statementMap":{},"fnMap":{},"branchMap":{},"s":{},"f":{},"b":{}}
,"D:/dev/sneaker-ecommerce-site/client/src/pages/Profile/Profile.tsx": {"path":"D:/dev/sneaker-ecommerce-site/client/src/pages/Profile/Profile.tsx","statementMap":{},"fnMap":{},"branchMap":{},"s":{},"f":{},"b":{}}
}
