TN:
SF:src\App.tsx
FNF:0
FNH:0
LF:0
LH:0
BRF:0
BRH:0
end_of_record
TN:
SF:src\GlobalStyles.tsx
FNF:0
FNH:0
DA:3,6
LF:1
LH:1
BRF:0
BRH:0
end_of_record
TN:
SF:src\main.tsx
FNF:0
FNH:0
LF:0
LH:0
BRF:0
BRH:0
end_of_record
TN:
SF:src\components\Filter\Filter.tsx
FNF:0
FNH:0
LF:0
LH:0
BRF:0
BRH:0
end_of_record
TN:
SF:src\components\Footer\Footer.tsx
FNF:0
FNH:0
LF:0
LH:0
BRF:0
BRH:0
end_of_record
TN:
SF:src\components\Header\Header.tsx
FNF:0
FNH:0
LF:0
LH:0
BRF:0
BRH:0
end_of_record
TN:
SF:src\components\Layout\Layout.tsx
FNF:0
FNH:0
LF:0
LH:0
BRF:0
BRH:0
end_of_record
TN:
SF:src\components\Products\Card.tsx
FN:1,(anonymous_0)
FN:66,(anonymous_1)
FNF:2
FNH:2
FNDA:54,(anonymous_0)
FNDA:420,(anonymous_1)
DA:1,96
DA:6,6
DA:15,6
DA:17,6
DA:21,6
DA:23,6
DA:27,6
DA:29,6
DA:32,6
DA:34,6
DA:40,6
DA:41,6
DA:47,6
DA:49,6
DA:53,6
DA:55,6
DA:57,6
DA:66,54
DA:68,420
DA:86,6
LF:20
LH:20
BRDA:1,0,0,12
BRDA:1,0,1,6
BRDA:1,1,0,6
BRF:3
BRH:3
end_of_record
TN:
SF:src\components\Products\CardSection.tsx
FNF:0
FNH:0
LF:0
LH:0
BRF:0
BRH:0
end_of_record
TN:
SF:src\components\Sidebar\Sidebar.tsx
FNF:0
FNH:0
LF:0
LH:0
BRF:0
BRH:0
end_of_record
TN:
SF:src\pages\Contact.tsx
FNF:0
FNH:0
LF:0
LH:0
BRF:0
BRH:0
end_of_record
TN:
SF:src\pages\Home.tsx
FNF:0
FNH:0
LF:0
LH:0
BRF:0
BRH:0
end_of_record
TN:
SF:src\pages\Product\ProductDetail.tsx
FNF:0
FNH:0
LF:0
LH:0
BRF:0
BRH:0
end_of_record
TN:
SF:src\pages\Product\Products.tsx
FN:64,(anonymous_1)
FN:69,(anonymous_2)
FN:70,fetchData
FN:86,sortData
FN:88,(anonymous_5)
FN:93,(anonymous_6)
FN:98,(anonymous_7)
FN:103,(anonymous_8)
FN:112,(anonymous_9)
FN:125,(anonymous_10)
FN:125,(anonymous_11)
FN:127,(anonymous_12)
FN:128,(anonymous_13)
FN:129,(anonymous_14)
FN:130,(anonymous_15)
FNF:15
FNH:15
FNDA:67,(anonymous_1)
FNDA:20,(anonymous_2)
FNDA:20,fetchData
FNDA:14,sortData
FNDA:110,(anonymous_5)
FNDA:100,(anonymous_6)
FNDA:75,(anonymous_7)
FNDA:44,(anonymous_8)
FNDA:420,(anonymous_9)
FNDA:28,(anonymous_10)
FNDA:28,(anonymous_11)
FNDA:5,(anonymous_12)
FNDA:4,(anonymous_13)
FNDA:3,(anonymous_14)
FNDA:2,(anonymous_15)
DA:5,6
DA:8,6
DA:10,6
DA:13,6
DA:15,6
DA:20,6
DA:22,6
DA:26,6
DA:28,6
DA:41,6
DA:43,6
DA:50,6
DA:52,6
DA:55,6
DA:64,67
DA:65,67
DA:66,62
DA:67,62
DA:69,62
DA:71,20
DA:73,20
DA:75,19
DA:77,14
DA:79,5
DA:83,20
DA:87,14
DA:88,5
DA:90,110
DA:92,9
DA:93,4
DA:95,100
DA:97,5
DA:98,3
DA:100,75
DA:102,2
DA:103,2
DA:105,44
DA:109,14
DA:112,62
DA:113,420
DA:115,420
DA:120,62
DA:125,28
DA:127,5
DA:128,4
DA:129,3
DA:130,2
DA:140,6
LF:48
LH:48
BRDA:87,0,0,5
BRDA:87,0,1,9
BRDA:92,1,0,4
BRDA:92,1,1,5
BRDA:97,2,0,3
BRDA:97,2,1,2
BRDA:102,3,0,2
BRDA:126,4,0,14
BRDA:126,4,1,48
BRF:9
BRH:9
end_of_record
