TN:
SF:src\App.tsx
FNF:0
FNH:0
LF:0
LH:0
BRF:0
BRH:0
end_of_record
TN:
SF:src\GlobalStyles.tsx
FNF:0
FNH:0
DA:3,0
LF:1
LH:0
BRF:0
BRH:0
end_of_record
TN:
SF:src\main.tsx
FNF:0
FNH:0
LF:0
LH:0
BRF:0
BRH:0
end_of_record
TN:
SF:src\components\Filter\Filter.tsx
FNF:0
FNH:0
LF:0
LH:0
BRF:0
BRH:0
end_of_record
TN:
SF:src\components\Footer\Footer.tsx
FNF:0
FNH:0
LF:0
LH:0
BRF:0
BRH:0
end_of_record
TN:
SF:src\components\Header\Header.tsx
FNF:0
FNH:0
LF:0
LH:0
BRF:0
BRH:0
end_of_record
TN:
SF:src\components\Layout\Layout.tsx
FNF:0
FNH:0
LF:0
LH:0
BRF:0
BRH:0
end_of_record
TN:
SF:src\components\Layout\ProductsLayout.tsx
FNF:0
FNH:0
LF:0
LH:0
BRF:0
BRH:0
end_of_record
TN:
SF:src\components\LoginButton\LoginButton.tsx
FNF:0
FNH:0
LF:0
LH:0
BRF:0
BRH:0
end_of_record
TN:
SF:src\components\LogoutButton\LogoutButton.tsx
FNF:0
FNH:0
LF:0
LH:0
BRF:0
BRH:0
end_of_record
TN:
SF:src\components\Pagination\Pagination.tsx
FNF:0
FNH:0
LF:0
LH:0
BRF:0
BRH:0
end_of_record
TN:
SF:src\components\Products\Card.tsx
FNF:0
FNH:0
LF:0
LH:0
BRF:0
BRH:0
end_of_record
TN:
SF:src\components\Products\CardSection.tsx
FNF:0
FNH:0
LF:0
LH:0
BRF:0
BRH:0
end_of_record
TN:
SF:src\components\Sidebar\Sidebar.tsx
FNF:0
FNH:0
LF:0
LH:0
BRF:0
BRH:0
end_of_record
TN:
SF:src\pages\Contact.tsx
FNF:0
FNH:0
LF:0
LH:0
BRF:0
BRH:0
end_of_record
TN:
SF:src\pages\Home.tsx
FNF:0
FNH:0
LF:0
LH:0
BRF:0
BRH:0
end_of_record
TN:
SF:src\pages\Cart\Cart.tsx
FN:83,(anonymous_1)
FN:92,(anonymous_2)
FN:93,fetchCart
FN:105,(anonymous_4)
FN:83,(anonymous_5)
FNF:5
FNH:4
FNDA:2,(anonymous_1)
FNDA:2,(anonymous_2)
FNDA:2,fetchCart
FNDA:0,(anonymous_4)
FNDA:2,(anonymous_5)
DA:8,2
DA:10,2
DA:12,2
DA:16,2
DA:18,2
DA:22,2
DA:24,2
DA:28,2
DA:30,2
DA:34,2
DA:36,2
DA:39,2
DA:41,2
DA:47,2
DA:49,2
DA:51,2
DA:53,2
DA:57,2
DA:59,2
DA:61,2
DA:63,2
DA:65,2
DA:67,2
DA:70,2
DA:72,2
DA:75,2
DA:77,2
DA:81,2
DA:83,30
DA:85,2
DA:86,2
DA:88,2
DA:90,2
DA:92,2
DA:94,2
DA:96,0
DA:98,0
DA:101,2
DA:104,2
DA:105,2
DA:106,0
DA:109,2
DA:117,0
DA:155,2
LF:44
LH:40
BRDA:104,0,0,2
BRF:1
BRH:1
end_of_record
TN:
SF:src\pages\Cart\CartCard.tsx
FN:1,(anonymous_0)
FN:7,(anonymous_1)
FNF:2
FNH:1
FNDA:4,(anonymous_0)
FNDA:0,(anonymous_1)
DA:1,18
DA:3,2
DA:5,2
DA:7,4
DA:8,0
DA:13,2
LF:6
LH:5
BRDA:1,0,0,4
BRDA:1,0,1,2
BRDA:1,1,0,2
BRF:3
BRH:3
end_of_record
TN:
SF:src\pages\Product\ProductDetail.tsx
FNF:0
FNH:0
LF:0
LH:0
BRF:0
BRH:0
end_of_record
TN:
SF:src\pages\Product\Products.tsx
FNF:0
FNH:0
LF:0
LH:0
BRF:0
BRH:0
end_of_record
TN:
SF:src\pages\Profile\LoginPage.tsx
FNF:0
FNH:0
LF:0
LH:0
BRF:0
BRH:0
end_of_record
TN:
SF:src\pages\Profile\Profile.tsx
FNF:0
FNH:0
LF:0
LH:0
BRF:0
BRH:0
end_of_record
